#
# A fatal error has been detected by the Java Runtime Environment:
#
#  Internal Error (generateOopMap.cpp:2164), pid=22292, tid=22308
#  fatal error: Illegal class file encountered. Try running with -Xverify:all in method testEditer
#
# JRE version: OpenJDK Runtime Environment (11.0.6+10) (build 11.0.6+10-post-Ubuntu-1ubuntu118.04.1)
# Java VM: OpenJDK 64-Bit Server VM (11.0.6+10-post-Ubuntu-1ubuntu118.04.1, mixed mode, sharing, tiered, compressed oops, g1 gc, linux-amd64)
# Core dump will be written. Default location: Core dumps may be processed with "/usr/share/apport/apport %p %s %c %d %P" (or dumping to /home/benfarhat/Documents/workspace-spring-tool-suite-4-4.5.0.RELEASE/RestAPI/core.22292)
#
# If you would like to submit a bug report, please visit:
#   https://bugs.launchpad.net/ubuntu/+source/openjdk-lts
#

---------------  S U M M A R Y ------------

Command Line: -agentlib:jdwp=transport=dt_socket,suspend=y,address=localhost:39413 -ea -javaagent:/home/benfarhat/dev/sts-4.5.0.RELEASE/configuration/org.eclipse.osgi/237/0/.cp/lib/javaagent-shaded.jar -Dfile.encoding=UTF-8 org.eclipse.jdt.internal.junit.runner.RemoteTestRunner -version 3 -port 42679 -testLoaderClass org.eclipse.jdt.internal.junit5.runner.JUnit5TestLoader -loaderpluginname org.eclipse.jdt.junit5.runtime -test ca.benfarhat.restapi.service.SalleServiceTest:testEditer -uniqueId [engine:junit-jupiter]/[class:ca.benfarhat.restapi.service.SalleServiceTest]/[method:testEditer()]

Host: Intel(R) Core(TM) i7-7500U CPU @ 2.70GHz, 4 cores, 7G, Ubuntu 18.04.3 LTS
Time: Tue Feb  4 20:33:18 2020 EST elapsed time: 199 seconds (0d 0h 3m 19s)

---------------  T H R E A D  ---------------

Current thread (0x00007f5ee4178800):  VMThread "VM Thread" [stack: 0x00007f5ee8322000,0x00007f5ee8422000] [id=22308]

Stack: [0x00007f5ee8322000,0x00007f5ee8422000],  sp=0x00007f5ee841fc60,  free space=1015k
Native frames: (J=compiled Java code, A=aot compiled Java code, j=interpreted, Vv=VM code, C=native code)
V  [libjvm.so+0xdefa33]
V  [libjvm.so+0xdf067f]
V  [libjvm.so+0x6507ba]
V  [libjvm.so+0x7b69e8]
V  [libjvm.so+0x7b6abb]
V  [libjvm.so+0x7b8f03]
V  [libjvm.so+0x7bb69c]
V  [libjvm.so+0x7be1fd]
V  [libjvm.so+0x7be5a9]
V  [libjvm.so+0xbb7d8a]
V  [libjvm.so+0xbb830b]
V  [libjvm.so+0xb462c6]
V  [libjvm.so+0x9db75c]
V  [libjvm.so+0xdfa5c8]
V  [libjvm.so+0xdf7db6]
V  [libjvm.so+0xdf82c0]
V  [libjvm.so+0xdf8743]
V  [libjvm.so+0xd7f20a]
V  [libjvm.so+0xbcf1fe]

VM_Operation (0x00007f5ecc3048b0): GetOrSetLocal, mode: safepoint, requested by thread 0x00007f5ee41ec800


---------------  P R O C E S S  ---------------

Threads class SMR info:
_java_thread_list=0x00007f5e7c04a340, length=14, elements={
0x00007f5ee401b000, 0x00007f5ee417b800, 0x00007f5ee417d800, 0x00007f5ee4183000,
0x00007f5ee4185800, 0x00007f5ee4187800, 0x00007f5ee4189800, 0x00007f5ee41a7800,
0x00007f5ee41ec800, 0x00007f5ee41f0000, 0x00007f5e90001800, 0x00007f5ee48f5800,
0x00007f5ee4a00000, 0x00007f5e9c001000
}

Java Threads: ( => current thread )
  0x00007f5ee401b000 JavaThread "main" [_thread_blocked, id=22296, stack(0x00007f5eee88f000,0x00007f5eee990000)]
  0x00007f5ee417b800 JavaThread "Reference Handler" daemon [_thread_blocked, id=22309, stack(0x00007f5ee821f000,0x00007f5ee8320000)]
  0x00007f5ee417d800 JavaThread "Finalizer" daemon [_thread_blocked, id=22310, stack(0x00007f5ee811e000,0x00007f5ee821f000)]
  0x00007f5ee4183000 JavaThread "Signal Dispatcher" daemon [_thread_blocked, id=22311, stack(0x00007f5ee801d000,0x00007f5ee811e000)]
  0x00007f5ee4185800 JavaThread "C2 CompilerThread0" daemon [_thread_blocked, id=22312, stack(0x00007f5ecc80f000,0x00007f5ecc910000)]
  0x00007f5ee4187800 JavaThread "C1 CompilerThread0" daemon [_thread_blocked, id=22313, stack(0x00007f5ecc70e000,0x00007f5ecc80f000)]
  0x00007f5ee4189800 JavaThread "Sweeper thread" daemon [_thread_blocked, id=22314, stack(0x00007f5ecc60d000,0x00007f5ecc70e000)]
  0x00007f5ee41a7800 JavaThread "Common-Cleaner" daemon [_thread_blocked, id=22315, stack(0x00007f5ecc50c000,0x00007f5ecc60d000)]
  0x00007f5ee41ec800 JavaThread "JDWP Transport Listener: dt_socket" daemon [_thread_blocked, id=22317, stack(0x00007f5ecc205000,0x00007f5ecc306000)] _threads_hazard_ptr=0x00007f5e7c04a340
  0x00007f5ee41f0000 JavaThread "JDWP Event Helper Thread" daemon [_thread_blocked, id=22320, stack(0x00007f5ecc104000,0x00007f5ecc205000)]
  0x00007f5e90001800 JavaThread "JDWP Command Reader" daemon [_thread_in_native, id=22321, stack(0x00007f5ecc003000,0x00007f5ecc104000)]
  0x00007f5ee48f5800 JavaThread "Service Thread" daemon [_thread_blocked, id=22327, stack(0x00007f5ebd014000,0x00007f5ebd115000)]
  0x00007f5ee4a00000 JavaThread "ReaderThread" [_thread_in_native, id=22329, stack(0x00007f5ebce11000,0x00007f5ebcf12000)]
  0x00007f5e9c001000 JavaThread "Attach Listener" daemon [_thread_blocked, id=22336, stack(0x00007f5ebc312000,0x00007f5ebc413000)]

Other Threads:
=>0x00007f5ee4178800 VMThread "VM Thread" [stack: 0x00007f5ee8322000,0x00007f5ee8422000] [id=22308]
  0x00007f5ee48fc000 WatcherThread [stack: 0x00007f5ebcf14000,0x00007f5ebd014000] [id=22328]
  0x00007f5ee4034000 GCTaskThread "GC Thread#0" [stack: 0x00007f5eea42e000,0x00007f5eea52e000] [id=22303]
  0x00007f5eb0001000 GCTaskThread "GC Thread#1" [stack: 0x00007f5ebd219000,0x00007f5ebd319000] [id=22325]
  0x00007f5eb0002800 GCTaskThread "GC Thread#2" [stack: 0x00007f5ebd117000,0x00007f5ebd217000] [id=22326]
  0x00007f5eb0005000 GCTaskThread "GC Thread#3" [stack: 0x00007f5ebca89000,0x00007f5ebcb89000] [id=22333]
  0x00007f5ee4064800 ConcurrentGCThread "G1 Main Marker" [stack: 0x00007f5ee93af000,0x00007f5ee94af000] [id=22304]
  0x00007f5ee4066800 ConcurrentGCThread "G1 Conc#0" [stack: 0x00007f5ee92ad000,0x00007f5ee93ad000] [id=22305]
  0x00007f5ee40de800 ConcurrentGCThread "G1 Refine#0" [stack: 0x00007f5ee8da7000,0x00007f5ee8ea7000] [id=22306]
  0x00007f5ee40e0800 ConcurrentGCThread "G1 Young RemSet Sampling" [stack: 0x00007f5ee8ca5000,0x00007f5ee8da5000] [id=22307]

Threads with active compile tasks:

VM state:at safepoint (normal execution)

VM Mutex/Monitor currently owned by a thread:  ([mutex/lock_event])
[0x00007f5ee4016fe0] Threads_lock - owner thread: 0x00007f5ee4178800

Heap address: 0x0000000085a00000, size: 1958 MB, Compressed Oops mode: 32-bit
Narrow klass base: 0x0000000800000000, Narrow klass shift: 3
Compressed class space size: 1073741824 Address: 0x0000000840000000

Heap:
 garbage-first heap   total 266240K, used 156227K [0x0000000085a00000, 0x0000000100000000)
  region size 1024K, 136 young (139264K), 17 survivors (17408K)
 Metaspace       used 70288K, capacity 72381K, committed 72612K, reserved 1112064K
  class space    used 9516K, capacity 10338K, committed 10368K, reserved 1048576K
Heap Regions: E=young(eden), S=young(survivor), O=old, HS=humongous(starts), HC=humongous(continues), CS=collection set, F=free, A=archive, TAMS=top-at-mark-start (previous, next)
|   0|0x0000000085a00000, 0x0000000085b00000, 0x0000000085b00000|100%|HS|  |TAMS 0x0000000085b00000, 0x0000000085a00000| Complete 
|   1|0x0000000085b00000, 0x0000000085c00000, 0x0000000085c00000|100%| O|  |TAMS 0x0000000085c00000, 0x0000000085b00000| Untracked 
|   2|0x0000000085c00000, 0x0000000085d00000, 0x0000000085d00000|100%| O|  |TAMS 0x0000000085d00000, 0x0000000085c00000| Untracked 
|   3|0x0000000085d00000, 0x0000000085e00000, 0x0000000085e00000|100%| O|  |TAMS 0x0000000085e00000, 0x0000000085d00000| Untracked 
|   4|0x0000000085e00000, 0x0000000085f00000, 0x0000000085f00000|100%| O|  |TAMS 0x0000000085f00000, 0x0000000085e00000| Untracked 
|   5|0x0000000085f00000, 0x0000000086000000, 0x0000000086000000|100%| O|  |TAMS 0x0000000086000000, 0x0000000085f00000| Untracked 
|   6|0x0000000086000000, 0x0000000086100000, 0x0000000086100000|100%| O|  |TAMS 0x0000000086100000, 0x0000000086000000| Untracked 
|   7|0x0000000086100000, 0x0000000086200000, 0x0000000086200000|100%| O|  |TAMS 0x0000000086200000, 0x0000000086100000| Untracked 
|   8|0x0000000086200000, 0x0000000086300000, 0x0000000086300000|100%| O|  |TAMS 0x0000000086300000, 0x0000000086200000| Untracked 
|   9|0x0000000086300000, 0x0000000086400000, 0x0000000086400000|100%| O|  |TAMS 0x0000000086400000, 0x0000000086300000| Untracked 
|  10|0x0000000086400000, 0x0000000086500000, 0x0000000086500000|100%| O|  |TAMS 0x0000000086500000, 0x0000000086400000| Untracked 
|  11|0x0000000086500000, 0x0000000086600000, 0x0000000086600000|100%| O|  |TAMS 0x0000000086600000, 0x0000000086500000| Untracked 
|  12|0x0000000086600000, 0x0000000086700000, 0x0000000086700000|100%| O|  |TAMS 0x0000000086700000, 0x0000000086600000| Untracked 
|  13|0x0000000086700000, 0x0000000086800000, 0x0000000086800000|100%| O|  |TAMS 0x0000000086800000, 0x0000000086700000| Untracked 
|  14|0x0000000086800000, 0x0000000086900000, 0x0000000086900000|100%| O|  |TAMS 0x0000000086900000, 0x0000000086800000| Untracked 
|  15|0x0000000086900000, 0x0000000086a00000, 0x0000000086a00000|100%| O|  |TAMS 0x0000000086a00000, 0x0000000086900000| Untracked 
|  16|0x0000000086a00000, 0x0000000086b00000, 0x0000000086b00000|100%| O|  |TAMS 0x0000000086b00000, 0x0000000086a00000| Untracked 
|  17|0x0000000086b00000, 0x0000000086b65800, 0x0000000086c00000| 39%| O|  |TAMS 0x0000000086b65800, 0x0000000086b00000| Untracked 
|  18|0x0000000086c00000, 0x0000000086c00000, 0x0000000086d00000|  0%| F|  |TAMS 0x0000000086c00000, 0x0000000086c00000| Untracked 
|  19|0x0000000086d00000, 0x0000000086d00000, 0x0000000086e00000|  0%| F|  |TAMS 0x0000000086d00000, 0x0000000086d00000| Untracked 
|  20|0x0000000086e00000, 0x0000000086e00000, 0x0000000086f00000|  0%| F|  |TAMS 0x0000000086e00000, 0x0000000086e00000| Untracked 
|  21|0x0000000086f00000, 0x0000000086f00000, 0x0000000087000000|  0%| F|  |TAMS 0x0000000086f00000, 0x0000000086f00000| Untracked 
|  22|0x0000000087000000, 0x0000000087000000, 0x0000000087100000|  0%| F|  |TAMS 0x0000000087000000, 0x0000000087000000| Untracked 
|  23|0x0000000087100000, 0x0000000087100000, 0x0000000087200000|  0%| F|  |TAMS 0x0000000087100000, 0x0000000087100000| Untracked 
|  24|0x0000000087200000, 0x0000000087200000, 0x0000000087300000|  0%| F|  |TAMS 0x0000000087200000, 0x0000000087200000| Untracked 
|  25|0x0000000087300000, 0x0000000087300000, 0x0000000087400000|  0%| F|  |TAMS 0x0000000087300000, 0x0000000087300000| Untracked 
|  26|0x0000000087400000, 0x0000000087400000, 0x0000000087500000|  0%| F|  |TAMS 0x0000000087400000, 0x0000000087400000| Untracked 
|  27|0x0000000087500000, 0x0000000087500000, 0x0000000087600000|  0%| F|  |TAMS 0x0000000087500000, 0x0000000087500000| Untracked 
|  28|0x0000000087600000, 0x0000000087600000, 0x0000000087700000|  0%| F|  |TAMS 0x0000000087600000, 0x0000000087600000| Untracked 
|  29|0x0000000087700000, 0x0000000087700000, 0x0000000087800000|  0%| F|  |TAMS 0x0000000087700000, 0x0000000087700000| Untracked 
|  30|0x0000000087800000, 0x0000000087800000, 0x0000000087900000|  0%| F|  |TAMS 0x0000000087800000, 0x0000000087800000| Untracked 
|  31|0x0000000087900000, 0x0000000087900000, 0x0000000087a00000|  0%| F|  |TAMS 0x0000000087900000, 0x0000000087900000| Untracked 
|  32|0x0000000087a00000, 0x0000000087a00000, 0x0000000087b00000|  0%| F|  |TAMS 0x0000000087a00000, 0x0000000087a00000| Untracked 
|  33|0x0000000087b00000, 0x0000000087b00000, 0x0000000087c00000|  0%| F|  |TAMS 0x0000000087b00000, 0x0000000087b00000| Untracked 
|  34|0x0000000087c00000, 0x0000000087c00000, 0x0000000087d00000|  0%| F|  |TAMS 0x0000000087c00000, 0x0000000087c00000| Untracked 
|  35|0x0000000087d00000, 0x0000000087d00000, 0x0000000087e00000|  0%| F|  |TAMS 0x0000000087d00000, 0x0000000087d00000| Untracked 
|  36|0x0000000087e00000, 0x0000000087e00000, 0x0000000087f00000|  0%| F|  |TAMS 0x0000000087e00000, 0x0000000087e00000| Untracked 
|  37|0x0000000087f00000, 0x0000000087f00000, 0x0000000088000000|  0%| F|  |TAMS 0x0000000087f00000, 0x0000000087f00000| Untracked 
|  38|0x0000000088000000, 0x0000000088000000, 0x0000000088100000|  0%| F|  |TAMS 0x0000000088000000, 0x0000000088000000| Untracked 
|  39|0x0000000088100000, 0x0000000088100000, 0x0000000088200000|  0%| F|  |TAMS 0x0000000088100000, 0x0000000088100000| Untracked 
|  40|0x0000000088200000, 0x0000000088200000, 0x0000000088300000|  0%| F|  |TAMS 0x0000000088200000, 0x0000000088200000| Untracked 
|  41|0x0000000088300000, 0x0000000088300000, 0x0000000088400000|  0%| F|  |TAMS 0x0000000088300000, 0x0000000088300000| Untracked 
|  42|0x0000000088400000, 0x0000000088400000, 0x0000000088500000|  0%| F|  |TAMS 0x0000000088400000, 0x0000000088400000| Untracked 
|  43|0x0000000088500000, 0x0000000088500000, 0x0000000088600000|  0%| F|  |TAMS 0x0000000088500000, 0x0000000088500000| Untracked 
|  44|0x0000000088600000, 0x0000000088600000, 0x0000000088700000|  0%| F|  |TAMS 0x0000000088600000, 0x0000000088600000| Untracked 
|  45|0x0000000088700000, 0x0000000088700000, 0x0000000088800000|  0%| F|  |TAMS 0x0000000088700000, 0x0000000088700000| Untracked 
|  46|0x0000000088800000, 0x0000000088800000, 0x0000000088900000|  0%| F|  |TAMS 0x0000000088800000, 0x0000000088800000| Untracked 
|  47|0x0000000088900000, 0x0000000088900000, 0x0000000088a00000|  0%| F|  |TAMS 0x0000000088900000, 0x0000000088900000| Untracked 
|  48|0x0000000088a00000, 0x0000000088a00000, 0x0000000088b00000|  0%| F|  |TAMS 0x0000000088a00000, 0x0000000088a00000| Untracked 
|  49|0x0000000088b00000, 0x0000000088b00000, 0x0000000088c00000|  0%| F|  |TAMS 0x0000000088b00000, 0x0000000088b00000| Untracked 
|  50|0x0000000088c00000, 0x0000000088c00000, 0x0000000088d00000|  0%| F|  |TAMS 0x0000000088c00000, 0x0000000088c00000| Untracked 
|  51|0x0000000088d00000, 0x0000000088d00000, 0x0000000088e00000|  0%| F|  |TAMS 0x0000000088d00000, 0x0000000088d00000| Untracked 
|  52|0x0000000088e00000, 0x0000000088e00000, 0x0000000088f00000|  0%| F|  |TAMS 0x0000000088e00000, 0x0000000088e00000| Untracked 
|  53|0x0000000088f00000, 0x0000000088f00000, 0x0000000089000000|  0%| F|  |TAMS 0x0000000088f00000, 0x0000000088f00000| Untracked 
|  54|0x0000000089000000, 0x0000000089000000, 0x0000000089100000|  0%| F|  |TAMS 0x0000000089000000, 0x0000000089000000| Untracked 
|  55|0x0000000089100000, 0x0000000089100000, 0x0000000089200000|  0%| F|  |TAMS 0x0000000089100000, 0x0000000089100000| Untracked 
|  56|0x0000000089200000, 0x0000000089200000, 0x0000000089300000|  0%| F|  |TAMS 0x0000000089200000, 0x0000000089200000| Untracked 
|  57|0x0000000089300000, 0x0000000089300000, 0x0000000089400000|  0%| F|  |TAMS 0x0000000089300000, 0x0000000089300000| Untracked 
|  58|0x0000000089400000, 0x0000000089400000, 0x0000000089500000|  0%| F|  |TAMS 0x0000000089400000, 0x0000000089400000| Untracked 
|  59|0x0000000089500000, 0x0000000089500000, 0x0000000089600000|  0%| F|  |TAMS 0x0000000089500000, 0x0000000089500000| Untracked 
|  60|0x0000000089600000, 0x0000000089600000, 0x0000000089700000|  0%| F|  |TAMS 0x0000000089600000, 0x0000000089600000| Untracked 
|  61|0x0000000089700000, 0x0000000089700000, 0x0000000089800000|  0%| F|  |TAMS 0x0000000089700000, 0x0000000089700000| Untracked 
|  62|0x0000000089800000, 0x0000000089800000, 0x0000000089900000|  0%| F|  |TAMS 0x0000000089800000, 0x0000000089800000| Untracked 
|  63|0x0000000089900000, 0x0000000089900000, 0x0000000089a00000|  0%| F|  |TAMS 0x0000000089900000, 0x0000000089900000| Untracked 
|  64|0x0000000089a00000, 0x0000000089a00000, 0x0000000089b00000|  0%| F|  |TAMS 0x0000000089a00000, 0x0000000089a00000| Untracked 
|  65|0x0000000089b00000, 0x0000000089b00000, 0x0000000089c00000|  0%| F|  |TAMS 0x0000000089b00000, 0x0000000089b00000| Untracked 
|  66|0x0000000089c00000, 0x0000000089c00000, 0x0000000089d00000|  0%| F|  |TAMS 0x0000000089c00000, 0x0000000089c00000| Untracked 
|  67|0x0000000089d00000, 0x0000000089d00000, 0x0000000089e00000|  0%| F|  |TAMS 0x0000000089d00000, 0x0000000089d00000| Untracked 
|  68|0x0000000089e00000, 0x0000000089e00000, 0x0000000089f00000|  0%| F|  |TAMS 0x0000000089e00000, 0x0000000089e00000| Untracked 
|  69|0x0000000089f00000, 0x0000000089f00000, 0x000000008a000000|  0%| F|  |TAMS 0x0000000089f00000, 0x0000000089f00000| Untracked 
|  70|0x000000008a000000, 0x000000008a000000, 0x000000008a100000|  0%| F|  |TAMS 0x000000008a000000, 0x000000008a000000| Untracked 
|  71|0x000000008a100000, 0x000000008a100000, 0x000000008a200000|  0%| F|  |TAMS 0x000000008a100000, 0x000000008a100000| Untracked 
|  72|0x000000008a200000, 0x000000008a200000, 0x000000008a300000|  0%| F|  |TAMS 0x000000008a200000, 0x000000008a200000| Untracked 
|  73|0x000000008a300000, 0x000000008a300000, 0x000000008a400000|  0%| F|  |TAMS 0x000000008a300000, 0x000000008a300000| Untracked 
|  74|0x000000008a400000, 0x000000008a400000, 0x000000008a500000|  0%| F|  |TAMS 0x000000008a400000, 0x000000008a400000| Untracked 
|  75|0x000000008a500000, 0x000000008a500000, 0x000000008a600000|  0%| F|  |TAMS 0x000000008a500000, 0x000000008a500000| Untracked 
|  76|0x000000008a600000, 0x000000008a600000, 0x000000008a700000|  0%| F|  |TAMS 0x000000008a600000, 0x000000008a600000| Untracked 
|  77|0x000000008a700000, 0x000000008a700000, 0x000000008a800000|  0%| F|  |TAMS 0x000000008a700000, 0x000000008a700000| Untracked 
|  78|0x000000008a800000, 0x000000008a800000, 0x000000008a900000|  0%| F|  |TAMS 0x000000008a800000, 0x000000008a800000| Untracked 
|  79|0x000000008a900000, 0x000000008a900000, 0x000000008aa00000|  0%| F|  |TAMS 0x000000008a900000, 0x000000008a900000| Untracked 
|  80|0x000000008aa00000, 0x000000008aa00000, 0x000000008ab00000|  0%| F|  |TAMS 0x000000008aa00000, 0x000000008aa00000| Untracked 
|  81|0x000000008ab00000, 0x000000008ab00000, 0x000000008ac00000|  0%| F|  |TAMS 0x000000008ab00000, 0x000000008ab00000| Untracked 
|  82|0x000000008ac00000, 0x000000008ac00000, 0x000000008ad00000|  0%| F|  |TAMS 0x000000008ac00000, 0x000000008ac00000| Untracked 
|  83|0x000000008ad00000, 0x000000008ad00000, 0x000000008ae00000|  0%| F|  |TAMS 0x000000008ad00000, 0x000000008ad00000| Untracked 
|  84|0x000000008ae00000, 0x000000008ae00000, 0x000000008af00000|  0%| F|  |TAMS 0x000000008ae00000, 0x000000008ae00000| Untracked 
|  85|0x000000008af00000, 0x000000008af7a7a0, 0x000000008b000000| 47%| S|CS|TAMS 0x000000008af00000, 0x000000008af00000| Complete 
|  86|0x000000008b000000, 0x000000008b100000, 0x000000008b100000|100%| S|CS|TAMS 0x000000008b000000, 0x000000008b000000| Complete 
|  87|0x000000008b100000, 0x000000008b200000, 0x000000008b200000|100%| S|CS|TAMS 0x000000008b100000, 0x000000008b100000| Complete 
|  88|0x000000008b200000, 0x000000008b300000, 0x000000008b300000|100%| S|CS|TAMS 0x000000008b200000, 0x000000008b200000| Complete 
|  89|0x000000008b300000, 0x000000008b400000, 0x000000008b400000|100%| S|CS|TAMS 0x000000008b300000, 0x000000008b300000| Complete 
|  90|0x000000008b400000, 0x000000008b500000, 0x000000008b500000|100%| S|CS|TAMS 0x000000008b400000, 0x000000008b400000| Complete 
|  91|0x000000008b500000, 0x000000008b600000, 0x000000008b600000|100%| S|CS|TAMS 0x000000008b500000, 0x000000008b500000| Complete 
|  92|0x000000008b600000, 0x000000008b700000, 0x000000008b700000|100%| S|CS|TAMS 0x000000008b600000, 0x000000008b600000| Complete 
|  93|0x000000008b700000, 0x000000008b800000, 0x000000008b800000|100%| S|CS|TAMS 0x000000008b700000, 0x000000008b700000| Complete 
|  94|0x000000008b800000, 0x000000008b900000, 0x000000008b900000|100%| S|CS|TAMS 0x000000008b800000, 0x000000008b800000| Complete 
|  95|0x000000008b900000, 0x000000008ba00000, 0x000000008ba00000|100%| S|CS|TAMS 0x000000008b900000, 0x000000008b900000| Complete 
|  96|0x000000008ba00000, 0x000000008bb00000, 0x000000008bb00000|100%| S|CS|TAMS 0x000000008ba00000, 0x000000008ba00000| Complete 
|  97|0x000000008bb00000, 0x000000008bc00000, 0x000000008bc00000|100%| S|CS|TAMS 0x000000008bb00000, 0x000000008bb00000| Complete 
|  98|0x000000008bc00000, 0x000000008bd00000, 0x000000008bd00000|100%| S|CS|TAMS 0x000000008bc00000, 0x000000008bc00000| Complete 
|  99|0x000000008bd00000, 0x000000008be00000, 0x000000008be00000|100%| S|CS|TAMS 0x000000008bd00000, 0x000000008bd00000| Complete 
| 100|0x000000008be00000, 0x000000008bf00000, 0x000000008bf00000|100%| S|CS|TAMS 0x000000008be00000, 0x000000008be00000| Complete 
| 101|0x000000008bf00000, 0x000000008c000000, 0x000000008c000000|100%| S|CS|TAMS 0x000000008bf00000, 0x000000008bf00000| Complete 
| 102|0x000000008c000000, 0x000000008c000000, 0x000000008c100000|  0%| F|  |TAMS 0x000000008c000000, 0x000000008c000000| Untracked 
| 103|0x000000008c100000, 0x000000008c100000, 0x000000008c200000|  0%| F|  |TAMS 0x000000008c100000, 0x000000008c100000| Untracked 
| 104|0x000000008c200000, 0x000000008c200000, 0x000000008c300000|  0%| F|  |TAMS 0x000000008c200000, 0x000000008c200000| Untracked 
| 105|0x000000008c300000, 0x000000008c300000, 0x000000008c400000|  0%| F|  |TAMS 0x000000008c300000, 0x000000008c300000| Untracked 
| 106|0x000000008c400000, 0x000000008c400000, 0x000000008c500000|  0%| F|  |TAMS 0x000000008c400000, 0x000000008c400000| Untracked 
| 107|0x000000008c500000, 0x000000008c500000, 0x000000008c600000|  0%| F|  |TAMS 0x000000008c500000, 0x000000008c500000| Untracked 
| 108|0x000000008c600000, 0x000000008c600000, 0x000000008c700000|  0%| F|  |TAMS 0x000000008c600000, 0x000000008c600000| Untracked 
| 109|0x000000008c700000, 0x000000008c700000, 0x000000008c800000|  0%| F|  |TAMS 0x000000008c700000, 0x000000008c700000| Untracked 
| 110|0x000000008c800000, 0x000000008c800000, 0x000000008c900000|  0%| F|  |TAMS 0x000000008c800000, 0x000000008c800000| Untracked 
| 111|0x000000008c900000, 0x000000008c900000, 0x000000008ca00000|  0%| F|  |TAMS 0x000000008c900000, 0x000000008c900000| Untracked 
| 112|0x000000008ca00000, 0x000000008ca00000, 0x000000008cb00000|  0%| F|  |TAMS 0x000000008ca00000, 0x000000008ca00000| Untracked 
| 113|0x000000008cb00000, 0x000000008cb00000, 0x000000008cc00000|  0%| F|  |TAMS 0x000000008cb00000, 0x000000008cb00000| Untracked 
| 114|0x000000008cc00000, 0x000000008cc00000, 0x000000008cd00000|  0%| F|  |TAMS 0x000000008cc00000, 0x000000008cc00000| Untracked 
| 115|0x000000008cd00000, 0x000000008cd00000, 0x000000008ce00000|  0%| F|  |TAMS 0x000000008cd00000, 0x000000008cd00000| Untracked 
| 116|0x000000008ce00000, 0x000000008ce00000, 0x000000008cf00000|  0%| F|  |TAMS 0x000000008ce00000, 0x000000008ce00000| Untracked 
| 117|0x000000008cf00000, 0x000000008cf00000, 0x000000008d000000|  0%| F|  |TAMS 0x000000008cf00000, 0x000000008cf00000| Untracked 
| 118|0x000000008d000000, 0x000000008d000000, 0x000000008d100000|  0%| F|  |TAMS 0x000000008d000000, 0x000000008d000000| Untracked 
| 119|0x000000008d100000, 0x000000008d100000, 0x000000008d200000|  0%| F|  |TAMS 0x000000008d100000, 0x000000008d100000| Untracked 
| 120|0x000000008d200000, 0x000000008d200000, 0x000000008d300000|  0%| F|  |TAMS 0x000000008d200000, 0x000000008d200000| Untracked 
| 121|0x000000008d300000, 0x000000008d300000, 0x000000008d400000|  0%| F|  |TAMS 0x000000008d300000, 0x000000008d300000| Untracked 
| 122|0x000000008d400000, 0x000000008d400000, 0x000000008d500000|  0%| F|  |TAMS 0x000000008d400000, 0x000000008d400000| Untracked 
| 123|0x000000008d500000, 0x000000008d500000, 0x000000008d600000|  0%| F|  |TAMS 0x000000008d500000, 0x000000008d500000| Untracked 
| 124|0x000000008d600000, 0x000000008d600000, 0x000000008d700000|  0%| F|  |TAMS 0x000000008d600000, 0x000000008d600000| Untracked 
| 125|0x000000008d700000, 0x000000008d700000, 0x000000008d800000|  0%| F|  |TAMS 0x000000008d700000, 0x000000008d700000| Untracked 
| 126|0x000000008d800000, 0x000000008d800000, 0x000000008d900000|  0%| F|  |TAMS 0x000000008d800000, 0x000000008d800000| Untracked 
| 127|0x000000008d900000, 0x000000008d900000, 0x000000008da00000|  0%| F|  |TAMS 0x000000008d900000, 0x000000008d900000| Untracked 
| 128|0x000000008da00000, 0x000000008da00000, 0x000000008db00000|  0%| F|  |TAMS 0x000000008da00000, 0x000000008da00000| Untracked 
| 129|0x000000008db00000, 0x000000008db00000, 0x000000008dc00000|  0%| F|  |TAMS 0x000000008db00000, 0x000000008db00000| Untracked 
| 130|0x000000008dc00000, 0x000000008dc00000, 0x000000008dd00000|  0%| F|  |TAMS 0x000000008dc00000, 0x000000008dc00000| Untracked 
| 131|0x000000008dd00000, 0x000000008dd00000, 0x000000008de00000|  0%| F|  |TAMS 0x000000008dd00000, 0x000000008dd00000| Untracked 
| 132|0x000000008de00000, 0x000000008de00000, 0x000000008df00000|  0%| F|  |TAMS 0x000000008de00000, 0x000000008de00000| Untracked 
| 133|0x000000008df00000, 0x000000008df00000, 0x000000008e000000|  0%| F|  |TAMS 0x000000008df00000, 0x000000008df00000| Untracked 
| 134|0x000000008e000000, 0x000000008e000000, 0x000000008e100000|  0%| F|  |TAMS 0x000000008e000000, 0x000000008e000000| Untracked 
| 135|0x000000008e100000, 0x000000008e100000, 0x000000008e200000|  0%| F|  |TAMS 0x000000008e100000, 0x000000008e100000| Untracked 
| 136|0x000000008e200000, 0x000000008e200000, 0x000000008e300000|  0%| F|  |TAMS 0x000000008e200000, 0x000000008e200000| Untracked 
| 137|0x000000008e300000, 0x000000008e300000, 0x000000008e400000|  0%| F|  |TAMS 0x000000008e300000, 0x000000008e300000| Untracked 
| 138|0x000000008e400000, 0x000000008e400000, 0x000000008e500000|  0%| F|  |TAMS 0x000000008e400000, 0x000000008e400000| Untracked 
| 139|0x000000008e500000, 0x000000008e600000, 0x000000008e600000|100%| E|  |TAMS 0x000000008e500000, 0x000000008e500000| Complete 
| 140|0x000000008e600000, 0x000000008e700000, 0x000000008e700000|100%| E|CS|TAMS 0x000000008e600000, 0x000000008e600000| Complete 
| 141|0x000000008e700000, 0x000000008e800000, 0x000000008e800000|100%| E|CS|TAMS 0x000000008e700000, 0x000000008e700000| Complete 
| 142|0x000000008e800000, 0x000000008e900000, 0x000000008e900000|100%| E|CS|TAMS 0x000000008e800000, 0x000000008e800000| Complete 
| 143|0x000000008e900000, 0x000000008ea00000, 0x000000008ea00000|100%| E|CS|TAMS 0x000000008e900000, 0x000000008e900000| Complete 
| 144|0x000000008ea00000, 0x000000008eb00000, 0x000000008eb00000|100%| E|CS|TAMS 0x000000008ea00000, 0x000000008ea00000| Complete 
| 145|0x000000008eb00000, 0x000000008ec00000, 0x000000008ec00000|100%| E|CS|TAMS 0x000000008eb00000, 0x000000008eb00000| Complete 
| 146|0x000000008ec00000, 0x000000008ed00000, 0x000000008ed00000|100%| E|CS|TAMS 0x000000008ec00000, 0x000000008ec00000| Complete 
| 147|0x000000008ed00000, 0x000000008ee00000, 0x000000008ee00000|100%| E|CS|TAMS 0x000000008ed00000, 0x000000008ed00000| Complete 
| 148|0x000000008ee00000, 0x000000008ef00000, 0x000000008ef00000|100%| E|CS|TAMS 0x000000008ee00000, 0x000000008ee00000| Complete 
| 149|0x000000008ef00000, 0x000000008f000000, 0x000000008f000000|100%| E|CS|TAMS 0x000000008ef00000, 0x000000008ef00000| Complete 
| 150|0x000000008f000000, 0x000000008f100000, 0x000000008f100000|100%| E|CS|TAMS 0x000000008f000000, 0x000000008f000000| Complete 
| 151|0x000000008f100000, 0x000000008f200000, 0x000000008f200000|100%| E|CS|TAMS 0x000000008f100000, 0x000000008f100000| Complete 
| 152|0x000000008f200000, 0x000000008f300000, 0x000000008f300000|100%| E|CS|TAMS 0x000000008f200000, 0x000000008f200000| Complete 
| 153|0x000000008f300000, 0x000000008f400000, 0x000000008f400000|100%| E|CS|TAMS 0x000000008f300000, 0x000000008f300000| Complete 
| 154|0x000000008f400000, 0x000000008f500000, 0x000000008f500000|100%| E|CS|TAMS 0x000000008f400000, 0x000000008f400000| Complete 
| 155|0x000000008f500000, 0x000000008f600000, 0x000000008f600000|100%| E|CS|TAMS 0x000000008f500000, 0x000000008f500000| Complete 
| 156|0x000000008f600000, 0x000000008f700000, 0x000000008f700000|100%| E|CS|TAMS 0x000000008f600000, 0x000000008f600000| Complete 
| 157|0x000000008f700000, 0x000000008f800000, 0x000000008f800000|100%| E|CS|TAMS 0x000000008f700000, 0x000000008f700000| Complete 
| 158|0x000000008f800000, 0x000000008f900000, 0x000000008f900000|100%| E|CS|TAMS 0x000000008f800000, 0x000000008f800000| Complete 
| 159|0x000000008f900000, 0x000000008fa00000, 0x000000008fa00000|100%| E|CS|TAMS 0x000000008f900000, 0x000000008f900000| Complete 
| 160|0x000000008fa00000, 0x000000008fb00000, 0x000000008fb00000|100%| E|CS|TAMS 0x000000008fa00000, 0x000000008fa00000| Complete 
| 161|0x000000008fb00000, 0x000000008fc00000, 0x000000008fc00000|100%| E|CS|TAMS 0x000000008fb00000, 0x000000008fb00000| Complete 
| 162|0x000000008fc00000, 0x000000008fd00000, 0x000000008fd00000|100%| E|CS|TAMS 0x000000008fc00000, 0x000000008fc00000| Complete 
| 163|0x000000008fd00000, 0x000000008fe00000, 0x000000008fe00000|100%| E|CS|TAMS 0x000000008fd00000, 0x000000008fd00000| Complete 
| 164|0x000000008fe00000, 0x000000008ff00000, 0x000000008ff00000|100%| E|CS|TAMS 0x000000008fe00000, 0x000000008fe00000| Complete 
| 165|0x000000008ff00000, 0x0000000090000000, 0x0000000090000000|100%| E|CS|TAMS 0x000000008ff00000, 0x000000008ff00000| Complete 
| 166|0x0000000090000000, 0x0000000090100000, 0x0000000090100000|100%| E|CS|TAMS 0x0000000090000000, 0x0000000090000000| Complete 
| 167|0x0000000090100000, 0x0000000090200000, 0x0000000090200000|100%| E|CS|TAMS 0x0000000090100000, 0x0000000090100000| Complete 
| 168|0x0000000090200000, 0x0000000090300000, 0x0000000090300000|100%| E|CS|TAMS 0x0000000090200000, 0x0000000090200000| Complete 
| 169|0x0000000090300000, 0x0000000090400000, 0x0000000090400000|100%| E|CS|TAMS 0x0000000090300000, 0x0000000090300000| Complete 
| 170|0x0000000090400000, 0x0000000090500000, 0x0000000090500000|100%| E|CS|TAMS 0x0000000090400000, 0x0000000090400000| Complete 
| 171|0x0000000090500000, 0x0000000090600000, 0x0000000090600000|100%| E|CS|TAMS 0x0000000090500000, 0x0000000090500000| Complete 
| 172|0x0000000090600000, 0x0000000090700000, 0x0000000090700000|100%| E|CS|TAMS 0x0000000090600000, 0x0000000090600000| Complete 
| 173|0x0000000090700000, 0x0000000090800000, 0x0000000090800000|100%| E|CS|TAMS 0x0000000090700000, 0x0000000090700000| Complete 
| 174|0x0000000090800000, 0x0000000090900000, 0x0000000090900000|100%| E|CS|TAMS 0x0000000090800000, 0x0000000090800000| Complete 
| 175|0x0000000090900000, 0x0000000090a00000, 0x0000000090a00000|100%| E|CS|TAMS 0x0000000090900000, 0x0000000090900000| Complete 
| 176|0x0000000090a00000, 0x0000000090b00000, 0x0000000090b00000|100%| E|CS|TAMS 0x0000000090a00000, 0x0000000090a00000| Complete 
| 177|0x0000000090b00000, 0x0000000090c00000, 0x0000000090c00000|100%| E|CS|TAMS 0x0000000090b00000, 0x0000000090b00000| Complete 
| 178|0x0000000090c00000, 0x0000000090d00000, 0x0000000090d00000|100%| E|CS|TAMS 0x0000000090c00000, 0x0000000090c00000| Complete 
| 179|0x0000000090d00000, 0x0000000090e00000, 0x0000000090e00000|100%| E|CS|TAMS 0x0000000090d00000, 0x0000000090d00000| Complete 
| 180|0x0000000090e00000, 0x0000000090f00000, 0x0000000090f00000|100%| E|CS|TAMS 0x0000000090e00000, 0x0000000090e00000| Complete 
| 181|0x0000000090f00000, 0x0000000091000000, 0x0000000091000000|100%| E|CS|TAMS 0x0000000090f00000, 0x0000000090f00000| Complete 
| 182|0x0000000091000000, 0x0000000091100000, 0x0000000091100000|100%| E|CS|TAMS 0x0000000091000000, 0x0000000091000000| Complete 
| 183|0x0000000091100000, 0x0000000091200000, 0x0000000091200000|100%| E|CS|TAMS 0x0000000091100000, 0x0000000091100000| Complete 
| 184|0x0000000091200000, 0x0000000091300000, 0x0000000091300000|100%| E|CS|TAMS 0x0000000091200000, 0x0000000091200000| Complete 
| 185|0x0000000091300000, 0x0000000091400000, 0x0000000091400000|100%| E|CS|TAMS 0x0000000091300000, 0x0000000091300000| Complete 
| 186|0x0000000091400000, 0x0000000091500000, 0x0000000091500000|100%| E|CS|TAMS 0x0000000091400000, 0x0000000091400000| Complete 
| 187|0x0000000091500000, 0x0000000091600000, 0x0000000091600000|100%| E|CS|TAMS 0x0000000091500000, 0x0000000091500000| Complete 
| 188|0x0000000091600000, 0x0000000091700000, 0x0000000091700000|100%| E|CS|TAMS 0x0000000091600000, 0x0000000091600000| Complete 
| 189|0x0000000091700000, 0x0000000091800000, 0x0000000091800000|100%| E|CS|TAMS 0x0000000091700000, 0x0000000091700000| Complete 
| 190|0x0000000091800000, 0x0000000091900000, 0x0000000091900000|100%| E|CS|TAMS 0x0000000091800000, 0x0000000091800000| Complete 
| 191|0x0000000091900000, 0x0000000091a00000, 0x0000000091a00000|100%| E|CS|TAMS 0x0000000091900000, 0x0000000091900000| Complete 
| 192|0x0000000091a00000, 0x0000000091b00000, 0x0000000091b00000|100%| E|CS|TAMS 0x0000000091a00000, 0x0000000091a00000| Complete 
| 193|0x0000000091b00000, 0x0000000091c00000, 0x0000000091c00000|100%| E|CS|TAMS 0x0000000091b00000, 0x0000000091b00000| Complete 
| 194|0x0000000091c00000, 0x0000000091d00000, 0x0000000091d00000|100%| E|CS|TAMS 0x0000000091c00000, 0x0000000091c00000| Complete 
| 195|0x0000000091d00000, 0x0000000091e00000, 0x0000000091e00000|100%| E|CS|TAMS 0x0000000091d00000, 0x0000000091d00000| Complete 
| 196|0x0000000091e00000, 0x0000000091f00000, 0x0000000091f00000|100%| E|CS|TAMS 0x0000000091e00000, 0x0000000091e00000| Complete 
| 197|0x0000000091f00000, 0x0000000092000000, 0x0000000092000000|100%| E|CS|TAMS 0x0000000091f00000, 0x0000000091f00000| Complete 
| 198|0x0000000092000000, 0x0000000092100000, 0x0000000092100000|100%| E|CS|TAMS 0x0000000092000000, 0x0000000092000000| Complete 
| 199|0x0000000092100000, 0x0000000092200000, 0x0000000092200000|100%| E|CS|TAMS 0x0000000092100000, 0x0000000092100000| Complete 
| 200|0x0000000092200000, 0x0000000092300000, 0x0000000092300000|100%| E|CS|TAMS 0x0000000092200000, 0x0000000092200000| Complete 
| 201|0x0000000092300000, 0x0000000092400000, 0x0000000092400000|100%| E|CS|TAMS 0x0000000092300000, 0x0000000092300000| Complete 
| 202|0x0000000092400000, 0x0000000092500000, 0x0000000092500000|100%| E|CS|TAMS 0x0000000092400000, 0x0000000092400000| Complete 
| 203|0x0000000092500000, 0x0000000092600000, 0x0000000092600000|100%| E|CS|TAMS 0x0000000092500000, 0x0000000092500000| Complete 
| 204|0x0000000092600000, 0x0000000092700000, 0x0000000092700000|100%| E|CS|TAMS 0x0000000092600000, 0x0000000092600000| Complete 
| 205|0x0000000092700000, 0x0000000092800000, 0x0000000092800000|100%| E|CS|TAMS 0x0000000092700000, 0x0000000092700000| Complete 
| 206|0x0000000092800000, 0x0000000092900000, 0x0000000092900000|100%| E|CS|TAMS 0x0000000092800000, 0x0000000092800000| Complete 
| 207|0x0000000092900000, 0x0000000092a00000, 0x0000000092a00000|100%| E|CS|TAMS 0x0000000092900000, 0x0000000092900000| Complete 
| 208|0x0000000092a00000, 0x0000000092b00000, 0x0000000092b00000|100%| E|CS|TAMS 0x0000000092a00000, 0x0000000092a00000| Complete 
| 209|0x0000000092b00000, 0x0000000092c00000, 0x0000000092c00000|100%| E|CS|TAMS 0x0000000092b00000, 0x0000000092b00000| Complete 
| 210|0x0000000092c00000, 0x0000000092d00000, 0x0000000092d00000|100%| E|CS|TAMS 0x0000000092c00000, 0x0000000092c00000| Complete 
| 211|0x0000000092d00000, 0x0000000092e00000, 0x0000000092e00000|100%| E|CS|TAMS 0x0000000092d00000, 0x0000000092d00000| Complete 
| 212|0x0000000092e00000, 0x0000000092f00000, 0x0000000092f00000|100%| E|CS|TAMS 0x0000000092e00000, 0x0000000092e00000| Complete 
| 213|0x0000000092f00000, 0x0000000093000000, 0x0000000093000000|100%| E|CS|TAMS 0x0000000092f00000, 0x0000000092f00000| Complete 
| 214|0x0000000093000000, 0x0000000093100000, 0x0000000093100000|100%| E|CS|TAMS 0x0000000093000000, 0x0000000093000000| Complete 
| 215|0x0000000093100000, 0x0000000093200000, 0x0000000093200000|100%| E|CS|TAMS 0x0000000093100000, 0x0000000093100000| Complete 
| 216|0x0000000093200000, 0x0000000093300000, 0x0000000093300000|100%| E|CS|TAMS 0x0000000093200000, 0x0000000093200000| Complete 
| 217|0x0000000093300000, 0x0000000093400000, 0x0000000093400000|100%| E|CS|TAMS 0x0000000093300000, 0x0000000093300000| Complete 
| 218|0x0000000093400000, 0x0000000093500000, 0x0000000093500000|100%| E|CS|TAMS 0x0000000093400000, 0x0000000093400000| Complete 
| 219|0x0000000093500000, 0x0000000093600000, 0x0000000093600000|100%| E|CS|TAMS 0x0000000093500000, 0x0000000093500000| Complete 
| 220|0x0000000093600000, 0x0000000093700000, 0x0000000093700000|100%| E|CS|TAMS 0x0000000093600000, 0x0000000093600000| Complete 
| 221|0x0000000093700000, 0x0000000093800000, 0x0000000093800000|100%| E|CS|TAMS 0x0000000093700000, 0x0000000093700000| Complete 
| 222|0x0000000093800000, 0x0000000093900000, 0x0000000093900000|100%| E|CS|TAMS 0x0000000093800000, 0x0000000093800000| Complete 
| 223|0x0000000093900000, 0x0000000093a00000, 0x0000000093a00000|100%| E|CS|TAMS 0x0000000093900000, 0x0000000093900000| Complete 
| 224|0x0000000093a00000, 0x0000000093b00000, 0x0000000093b00000|100%| E|CS|TAMS 0x0000000093a00000, 0x0000000093a00000| Complete 
| 225|0x0000000093b00000, 0x0000000093c00000, 0x0000000093c00000|100%| E|CS|TAMS 0x0000000093b00000, 0x0000000093b00000| Complete 
| 226|0x0000000093c00000, 0x0000000093d00000, 0x0000000093d00000|100%| E|CS|TAMS 0x0000000093c00000, 0x0000000093c00000| Complete 
| 227|0x0000000093d00000, 0x0000000093e00000, 0x0000000093e00000|100%| E|CS|TAMS 0x0000000093d00000, 0x0000000093d00000| Complete 
| 228|0x0000000093e00000, 0x0000000093f00000, 0x0000000093f00000|100%| E|CS|TAMS 0x0000000093e00000, 0x0000000093e00000| Complete 
| 229|0x0000000093f00000, 0x0000000094000000, 0x0000000094000000|100%| E|CS|TAMS 0x0000000093f00000, 0x0000000093f00000| Complete 
| 230|0x0000000094000000, 0x0000000094100000, 0x0000000094100000|100%| E|CS|TAMS 0x0000000094000000, 0x0000000094000000| Complete 
| 231|0x0000000094100000, 0x0000000094200000, 0x0000000094200000|100%| E|CS|TAMS 0x0000000094100000, 0x0000000094100000| Complete 
| 232|0x0000000094200000, 0x0000000094300000, 0x0000000094300000|100%| E|CS|TAMS 0x0000000094200000, 0x0000000094200000| Complete 
| 233|0x0000000094300000, 0x0000000094400000, 0x0000000094400000|100%| E|CS|TAMS 0x0000000094300000, 0x0000000094300000| Complete 
| 234|0x0000000094400000, 0x0000000094500000, 0x0000000094500000|100%| E|CS|TAMS 0x0000000094400000, 0x0000000094400000| Complete 
| 235|0x0000000094500000, 0x0000000094600000, 0x0000000094600000|100%| E|CS|TAMS 0x0000000094500000, 0x0000000094500000| Complete 
| 236|0x0000000094600000, 0x0000000094700000, 0x0000000094700000|100%| E|CS|TAMS 0x0000000094600000, 0x0000000094600000| Complete 
| 237|0x0000000094700000, 0x0000000094800000, 0x0000000094800000|100%| E|CS|TAMS 0x0000000094700000, 0x0000000094700000| Complete 
| 238|0x0000000094800000, 0x0000000094900000, 0x0000000094900000|100%| E|CS|TAMS 0x0000000094800000, 0x0000000094800000| Complete 
| 239|0x0000000094900000, 0x0000000094a00000, 0x0000000094a00000|100%| E|CS|TAMS 0x0000000094900000, 0x0000000094900000| Complete 
| 240|0x0000000094a00000, 0x0000000094b00000, 0x0000000094b00000|100%| E|CS|TAMS 0x0000000094a00000, 0x0000000094a00000| Complete 
| 241|0x0000000094b00000, 0x0000000094c00000, 0x0000000094c00000|100%| E|CS|TAMS 0x0000000094b00000, 0x0000000094b00000| Complete 
| 242|0x0000000094c00000, 0x0000000094d00000, 0x0000000094d00000|100%| E|CS|TAMS 0x0000000094c00000, 0x0000000094c00000| Complete 
| 243|0x0000000094d00000, 0x0000000094e00000, 0x0000000094e00000|100%| E|CS|TAMS 0x0000000094d00000, 0x0000000094d00000| Complete 
| 244|0x0000000094e00000, 0x0000000094f00000, 0x0000000094f00000|100%| E|CS|TAMS 0x0000000094e00000, 0x0000000094e00000| Complete 
| 245|0x0000000094f00000, 0x0000000095000000, 0x0000000095000000|100%| E|CS|TAMS 0x0000000094f00000, 0x0000000094f00000| Complete 
| 246|0x0000000095000000, 0x0000000095100000, 0x0000000095100000|100%| E|CS|TAMS 0x0000000095000000, 0x0000000095000000| Complete 
| 247|0x0000000095100000, 0x0000000095200000, 0x0000000095200000|100%| E|CS|TAMS 0x0000000095100000, 0x0000000095100000| Complete 
| 248|0x0000000095200000, 0x0000000095300000, 0x0000000095300000|100%| E|CS|TAMS 0x0000000095200000, 0x0000000095200000| Complete 
| 249|0x0000000095300000, 0x0000000095400000, 0x0000000095400000|100%| E|CS|TAMS 0x0000000095300000, 0x0000000095300000| Complete 
| 250|0x0000000095400000, 0x0000000095500000, 0x0000000095500000|100%| E|CS|TAMS 0x0000000095400000, 0x0000000095400000| Complete 
| 251|0x0000000095500000, 0x0000000095600000, 0x0000000095600000|100%| E|CS|TAMS 0x0000000095500000, 0x0000000095500000| Complete 
| 252|0x0000000095600000, 0x0000000095700000, 0x0000000095700000|100%| E|CS|TAMS 0x0000000095600000, 0x0000000095600000| Complete 
| 253|0x0000000095700000, 0x0000000095800000, 0x0000000095800000|100%| E|CS|TAMS 0x0000000095700000, 0x0000000095700000| Complete 
| 254|0x0000000095800000, 0x0000000095900000, 0x0000000095900000|100%| E|CS|TAMS 0x0000000095800000, 0x0000000095800000| Complete 
| 255|0x0000000095900000, 0x0000000095a00000, 0x0000000095a00000|100%| E|CS|TAMS 0x0000000095900000, 0x0000000095900000| Complete 
| 256|0x0000000095a00000, 0x0000000095b00000, 0x0000000095b00000|100%| E|CS|TAMS 0x0000000095a00000, 0x0000000095a00000| Complete 
| 257|0x0000000095b00000, 0x0000000095c00000, 0x0000000095c00000|100%| E|CS|TAMS 0x0000000095b00000, 0x0000000095b00000| Complete 
|1956|0x00000000ffe00000, 0x00000000ffe47000, 0x00000000fff00000| 27%|OA|  |TAMS 0x00000000ffe47000, 0x00000000ffe00000| Untracked 
|1957|0x00000000fff00000, 0x00000000fff6a000, 0x0000000100000000| 41%|CA|  |TAMS 0x00000000fff6a000, 0x00000000fff00000| Untracked 

Card table byte_map: [0x00007f5ee9882000,0x00007f5ee9c55000] _byte_map_base: 0x00007f5ee9455000

Marking Bits (Prev, Next): (CMBitMap*) 0x00007f5ee405c230, (CMBitMap*) 0x00007f5ee405c1f8
 Prev Bits: [0x00007f5ec42d0000, 0x00007f5ec6168000)
 Next Bits: [0x00007f5ec6168000, 0x00007f5ec8000000)

Polling page: 0x00007f5eee9a6000

Metaspace:

Usage:
  Non-class:     60,59 MB capacity,    59,35 MB ( 98%) used,  1005,24 KB (  2%) free+waste,   265,69 KB ( <1%) overhead. 
      Class:     10,10 MB capacity,     9,29 MB ( 92%) used,   696,48 KB (  7%) free+waste,   125,44 KB (  1%) overhead. 
       Both:     70,68 MB capacity,    68,64 MB ( 97%) used,     1,66 MB (  2%) free+waste,   391,12 KB ( <1%) overhead. 

Virtual space:
  Non-class space:       62,00 MB reserved,      60,79 MB ( 98%) committed 
      Class space:        1,00 GB reserved,      10,12 MB ( <1%) committed 
             Both:        1,06 GB reserved,      70,91 MB (  7%) committed 

Chunk freelists:
   Non-Class:  65,00 KB
       Class:  30,00 KB
        Both:  95,00 KB

MaxMetaspaceSize: unlimited
CompressedClassSpaceSize: 1,00 GB

CodeHeap 'non-profiled nmethods': size=120032Kb used=4500Kb max_used=4639Kb free=115531Kb
 bounds [0x00007f5ed43d8000, 0x00007f5ed4868000, 0x00007f5edb910000]
CodeHeap 'profiled nmethods': size=120032Kb used=12787Kb max_used=13438Kb free=107244Kb
 bounds [0x00007f5eccea0000, 0x00007f5ecdbc0000, 0x00007f5ed43d8000]
CodeHeap 'non-nmethods': size=5696Kb used=1313Kb max_used=1446Kb free=4383Kb
 bounds [0x00007f5ecc910000, 0x00007f5eccb80000, 0x00007f5eccea0000]
 total_blobs=8203 nmethods=6172 adapters=548
 compilation: enabled
              stopped_count=0, restarted_count=0
 full_count=0

Compilation events (20 events):
Event: 12,152 Thread 0x00007f5ee4187800 6601       2       org.h2.mvstore.Page::copy (12 bytes)
Event: 12,152 Thread 0x00007f5ee4187800 nmethod 6601 0x00007f5ecdbbcc90 code [0x00007f5ecdbbce60, 0x00007f5ecdbbd158]
Event: 12,152 Thread 0x00007f5ee4187800 6602       1       org.h2.engine.Session::setLastScopeIdentity (6 bytes)
Event: 12,152 Thread 0x00007f5ee4187800 nmethod 6602 0x00007f5ed4805890 code [0x00007f5ed4805a40, 0x00007f5ed4805bd0]
Event: 12,254 Thread 0x00007f5ee4185800 nmethod 6017 0x00007f5ed4805c90 code [0x00007f5ed4806300, 0x00007f5ed4815208]
Event: 12,254 Thread 0x00007f5ee4185800 6421 %     4       org.eclipse.jdt.launching.internal.org.objectweb.asm.ClassReader::readCode @ 1611 (5089 bytes)
Event: 12,395 Thread 0x00007f5e94090000 nmethod 6385 0x00007f5ed481ba90 code [0x00007f5ed481c340, 0x00007f5ed48270a8]
Event: 12,395 Thread 0x00007f5e94090000 6431   !   4       java.net.URL::<init> (543 bytes)
Event: 12,597 Thread 0x00007f5e94090000 nmethod 6431 0x00007f5ed482dc90 code [0x00007f5ed482e080, 0x00007f5ed4832d88]
Event: 12,597 Thread 0x00007f5e94090000 6408       4       java.lang.Character::toLowerCase (9 bytes)
Event: 12,598 Thread 0x00007f5e94090000 nmethod 6408 0x00007f5ed4835390 code [0x00007f5ed4835540, 0x00007f5ed4835678]
Event: 13,828 Thread 0x00007f5ee4185800 nmethod 6421% 0x00007f5ed4835810 code [0x00007f5ed4836180, 0x00007f5ed48546e8]
Event: 120,721 Thread 0x00007f5ee4187800 6603       3       java.security.Provider::ensureLegacyParsed (123 bytes)
Event: 120,723 Thread 0x00007f5ee4187800 nmethod 6603 0x00007f5ecdbbd310 code [0x00007f5ecdbbd5c0, 0x00007f5ecdbbe4c8]
Event: 120,723 Thread 0x00007f5ee4187800 6604       3       org.h2.command.Parser::equalsToken (43 bytes)
Event: 120,725 Thread 0x00007f5ee4187800 nmethod 6604 0x00007f5ecdbbe810 code [0x00007f5ecdbbe9e0, 0x00007f5ecdbbed78]
Event: 120,725 Thread 0x00007f5ee4187800 6605       3       org.h2.command.Parser::readIf (32 bytes)
Event: 120,728 Thread 0x00007f5ee4187800 nmethod 6605 0x00007f5ecdbbee90 code [0x00007f5ecdbbf0e0, 0x00007f5ecdbbf9f8]
Event: 120,728 Thread 0x00007f5ee4187800 6606       3       org.h2.jdbc.JdbcPreparedStatement::setParameter (74 bytes)
Event: 120,736 Thread 0x00007f5ee4187800 nmethod 6606 0x00007f5eccea7190 code [0x00007f5eccea74a0, 0x00007f5eccea8a58]

GC Heap History (20 events):
Event: 3,333 GC heap before
{Heap before GC invocations=6 (full 0):
 garbage-first heap   total 162816K, used 14255K [0x0000000085a00000, 0x0000000100000000)
  region size 1024K, 7 young (7168K), 6 survivors (6144K)
 Metaspace       used 20330K, capacity 21153K, committed 21296K, reserved 1067008K
  class space    used 2599K, capacity 2934K, committed 2944K, reserved 1048576K
}
Event: 3,343 GC heap after
{Heap after GC invocations=7 (full 0):
 garbage-first heap   total 162816K, used 14211K [0x0000000085a00000, 0x0000000100000000)
  region size 1024K, 6 young (6144K), 6 survivors (6144K)
 Metaspace       used 20330K, capacity 21153K, committed 21296K, reserved 1067008K
  class space    used 2599K, capacity 2934K, committed 2944K, reserved 1048576K
}
Event: 3,703 GC heap before
{Heap before GC invocations=8 (full 0):
 garbage-first heap   total 162816K, used 99203K [0x0000000085a00000, 0x0000000100000000)
  region size 1024K, 90 young (92160K), 6 survivors (6144K)
 Metaspace       used 23457K, capacity 24295K, committed 24496K, reserved 1071104K
  class space    used 2930K, capacity 3274K, committed 3328K, reserved 1048576K
}
Event: 3,731 GC heap after
{Heap after GC invocations=9 (full 0):
 garbage-first heap   total 162816K, used 15004K [0x0000000085a00000, 0x0000000100000000)
  region size 1024K, 7 young (7168K), 7 survivors (7168K)
 Metaspace       used 23457K, capacity 24295K, committed 24496K, reserved 1071104K
  class space    used 2930K, capacity 3274K, committed 3328K, reserved 1048576K
}
Event: 4,570 GC heap before
{Heap before GC invocations=9 (full 0):
 garbage-first heap   total 162816K, used 104092K [0x0000000085a00000, 0x0000000100000000)
  region size 1024K, 95 young (97280K), 7 survivors (7168K)
 Metaspace       used 26788K, capacity 27752K, committed 28080K, reserved 1073152K
  class space    used 3353K, capacity 3735K, committed 3840K, reserved 1048576K
}
Event: 4,586 GC heap after
{Heap after GC invocations=10 (full 0):
 garbage-first heap   total 221184K, used 16332K [0x0000000085a00000, 0x0000000100000000)
  region size 1024K, 8 young (8192K), 8 survivors (8192K)
 Metaspace       used 26788K, capacity 27752K, committed 28080K, reserved 1073152K
  class space    used 3353K, capacity 3735K, committed 3840K, reserved 1048576K
}
Event: 6,024 GC heap before
{Heap before GC invocations=10 (full 0):
 garbage-first heap   total 221184K, used 140236K [0x0000000085a00000, 0x0000000100000000)
  region size 1024K, 129 young (132096K), 8 survivors (8192K)
 Metaspace       used 33047K, capacity 34233K, committed 34480K, reserved 1079296K
  class space    used 4285K, capacity 4749K, committed 4864K, reserved 1048576K
}
Event: 6,040 GC heap after
{Heap after GC invocations=11 (full 0):
 garbage-first heap   total 221184K, used 19196K [0x0000000085a00000, 0x0000000100000000)
  region size 1024K, 11 young (11264K), 11 survivors (11264K)
 Metaspace       used 33047K, capacity 34233K, committed 34480K, reserved 1079296K
  class space    used 4285K, capacity 4749K, committed 4864K, reserved 1048576K
}
Event: 6,279 GC heap before
{Heap before GC invocations=11 (full 0):
 garbage-first heap   total 221184K, used 44796K [0x0000000085a00000, 0x0000000100000000)
  region size 1024K, 37 young (37888K), 11 survivors (11264K)
 Metaspace       used 34334K, capacity 35481K, committed 35632K, reserved 1079296K
  class space    used 4437K, capacity 4885K, committed 4992K, reserved 1048576K
}
Event: 6,303 GC heap after
{Heap after GC invocations=12 (full 0):
 garbage-first heap   total 221184K, used 20463K [0x0000000085a00000, 0x0000000100000000)
  region size 1024K, 9 young (9216K), 9 survivors (9216K)
 Metaspace       used 34334K, capacity 35481K, committed 35632K, reserved 1079296K
  class space    used 4437K, capacity 4885K, committed 4992K, reserved 1048576K
}
Event: 7,340 GC heap before
{Heap before GC invocations=13 (full 0):
 garbage-first heap   total 221184K, used 143343K [0x0000000085a00000, 0x0000000100000000)
  region size 1024K, 129 young (132096K), 9 survivors (9216K)
 Metaspace       used 42957K, capacity 44184K, committed 44744K, reserved 1087488K
  class space    used 5710K, capacity 6185K, committed 6272K, reserved 1048576K
}
Event: 7,358 GC heap after
{Heap after GC invocations=14 (full 0):
 garbage-first heap   total 221184K, used 22028K [0x0000000085a00000, 0x0000000100000000)
  region size 1024K, 11 young (11264K), 11 survivors (11264K)
 Metaspace       used 42957K, capacity 44184K, committed 44744K, reserved 1087488K
  class space    used 5710K, capacity 6185K, committed 6272K, reserved 1048576K
}
Event: 8,172 GC heap before
{Heap before GC invocations=14 (full 0):
 garbage-first heap   total 221184K, used 142860K [0x0000000085a00000, 0x0000000100000000)
  region size 1024K, 129 young (132096K), 11 survivors (11264K)
 Metaspace       used 50915K, capacity 52218K, committed 52808K, reserved 1095680K
  class space    used 6856K, capacity 7342K, committed 7424K, reserved 1048576K
}
Event: 8,193 GC heap after
{Heap after GC invocations=15 (full 0):
 garbage-first heap   total 266240K, used 23584K [0x0000000085a00000, 0x0000000100000000)
  region size 1024K, 10 young (10240K), 10 survivors (10240K)
 Metaspace       used 50915K, capacity 52218K, committed 52808K, reserved 1095680K
  class space    used 6856K, capacity 7342K, committed 7424K, reserved 1048576K
}
Event: 9,331 GC heap before
{Heap before GC invocations=15 (full 0):
 garbage-first heap   total 266240K, used 173088K [0x0000000085a00000, 0x0000000100000000)
  region size 1024K, 156 young (159744K), 10 survivors (10240K)
 Metaspace       used 58151K, capacity 59828K, committed 60068K, reserved 1101824K
  class space    used 7832K, capacity 8489K, committed 8576K, reserved 1048576K
}
Event: 9,350 GC heap after
{Heap after GC invocations=16 (full 0):
 garbage-first heap   total 266240K, used 28819K [0x0000000085a00000, 0x0000000100000000)
  region size 1024K, 15 young (15360K), 15 survivors (15360K)
 Metaspace       used 58151K, capacity 59828K, committed 60068K, reserved 1101824K
  class space    used 7832K, capacity 8489K, committed 8576K, reserved 1048576K
}
Event: 9,368 GC heap before
{Heap before GC invocations=16 (full 0):
 garbage-first heap   total 266240K, used 29843K [0x0000000085a00000, 0x0000000100000000)
  region size 1024K, 17 young (17408K), 15 survivors (15360K)
 Metaspace       used 58255K, capacity 59896K, committed 60068K, reserved 1101824K
  class space    used 7845K, capacity 8491K, committed 8576K, reserved 1048576K
}
Event: 9,383 GC heap after
{Heap after GC invocations=17 (full 0):
 garbage-first heap   total 266240K, used 28762K [0x0000000085a00000, 0x0000000100000000)
  region size 1024K, 10 young (10240K), 10 survivors (10240K)
 Metaspace       used 58255K, capacity 59896K, committed 60068K, reserved 1101824K
  class space    used 7845K, capacity 8491K, committed 8576K, reserved 1048576K
}
Event: 10,874 GC heap before
{Heap before GC invocations=18 (full 0):
 garbage-first heap   total 266240K, used 178266K [0x0000000085a00000, 0x0000000100000000)
  region size 1024K, 156 young (159744K), 10 survivors (10240K)
 Metaspace       used 62192K, capacity 64080K, committed 64292K, reserved 1103872K
  class space    used 8448K, capacity 9195K, committed 9216K, reserved 1048576K
}
Event: 10,901 GC heap after
{Heap after GC invocations=19 (full 0):
 garbage-first heap   total 266240K, used 35395K [0x0000000085a00000, 0x0000000100000000)
  region size 1024K, 17 young (17408K), 17 survivors (17408K)
 Metaspace       used 62192K, capacity 64080K, committed 64292K, reserved 1103872K
  class space    used 8448K, capacity 9195K, committed 9216K, reserved 1048576K
}

Deoptimization events (20 events):
Event: 12,123 Thread 0x00007f5ee401b000 DEOPT PACKING pc=0x00007f5ecd1752e4 sp=0x00007f5eee988a40
Event: 12,123 Thread 0x00007f5ee401b000 DEOPT UNPACKING pc=0x00007f5ecc94903a sp=0x00007f5eee987ef8 mode 1
Event: 12,123 Thread 0x00007f5ee401b000 DEOPT PACKING pc=0x00007f5ecd167d04 sp=0x00007f5eee988b10
Event: 12,123 Thread 0x00007f5ee401b000 DEOPT UNPACKING pc=0x00007f5ecc94903a sp=0x00007f5eee987fe8 mode 1
Event: 12,123 Thread 0x00007f5ee401b000 DEOPT PACKING pc=0x00007f5ed4785bf4 sp=0x00007f5eee989300
Event: 12,123 Thread 0x00007f5ee401b000 DEOPT UNPACKING pc=0x00007f5ecc94903a sp=0x00007f5eee9887b0 mode 1
Event: 12,124 Thread 0x00007f5ee401b000 DEOPT PACKING pc=0x00007f5ecd1752e4 sp=0x00007f5eee988a40
Event: 12,124 Thread 0x00007f5ee401b000 DEOPT UNPACKING pc=0x00007f5ecc94903a sp=0x00007f5eee987ef8 mode 1
Event: 12,124 Thread 0x00007f5ee401b000 DEOPT PACKING pc=0x00007f5ecd167d04 sp=0x00007f5eee988b10
Event: 12,124 Thread 0x00007f5ee401b000 DEOPT UNPACKING pc=0x00007f5ecc94903a sp=0x00007f5eee987fe8 mode 1
Event: 12,124 Thread 0x00007f5ee401b000 DEOPT PACKING pc=0x00007f5ed4785bf4 sp=0x00007f5eee989300
Event: 12,124 Thread 0x00007f5ee401b000 DEOPT UNPACKING pc=0x00007f5ecc94903a sp=0x00007f5eee9887b0 mode 1
Event: 12,145 Thread 0x00007f5ee401b000 DEOPT PACKING pc=0x00007f5ecdb52769 sp=0x00007f5eee984160
Event: 12,145 Thread 0x00007f5ee401b000 DEOPT UNPACKING pc=0x00007f5ecc94903a sp=0x00007f5eee983900 mode 0
Event: 120,724 Thread 0x00007f5ee401b000 DEOPT PACKING pc=0x00007f5ecd5c2554 sp=0x00007f5eee98b240
Event: 120,724 Thread 0x00007f5ee401b000 DEOPT UNPACKING pc=0x00007f5ecc94903a sp=0x00007f5eee98a7d8 mode 1
Event: 120,724 Thread 0x00007f5ee401b000 DEOPT PACKING pc=0x00007f5ed4787580 sp=0x00007f5eee98b370
Event: 120,724 Thread 0x00007f5ee401b000 DEOPT UNPACKING pc=0x00007f5ecc94903a sp=0x00007f5eee98a810 mode 1
Event: 120,724 Thread 0x00007f5ee401b000 DEOPT PACKING pc=0x00007f5ecd471be4 sp=0x00007f5eee98b3a0
Event: 120,724 Thread 0x00007f5ee401b000 DEOPT UNPACKING pc=0x00007f5ecc94903a sp=0x00007f5eee98a8b0 mode 1

Classes redefined (2 events):
Event: 170,067 Thread 0x00007f5ee4178800 redefined class name=ca.benfarhat.restapi.service.SalleServiceTest, count=1
Event: 199,558 Thread 0x00007f5ee4178800 redefined class name=ca.benfarhat.restapi.service.SalleServiceTest, count=2

Internal exceptions (20 events):
Event: 11,204 Thread 0x00007f5ee401b000 Exception <a 'java/lang/ClassNotFoundException'{0x0000000093aaa950}: org/springframework/boot/actuate/autoconfigure/web/server/ManagementContextAutoConfiguration$SameManagementContextConfiguration$EnableSameManagementContextConfigurationCustomizer> (0x000
Event: 11,205 Thread 0x00007f5ee401b000 Exception <a 'java/lang/ClassNotFoundException'{0x0000000093ab2750}: java/lang/ObjectCustomizer> (0x0000000093ab2750) thrown at [/build/openjdk-lts-iuKaMP/openjdk-lts-11.0.6+10/src/hotspot/share/classfile/systemDictionary.cpp, line 231]
Event: 11,205 Thread 0x00007f5ee401b000 Exception <a 'java/lang/ClassNotFoundException'{0x0000000093ae00b8}: org/springframework/boot/actuate/autoconfigure/web/server/ManagementContextAutoConfiguration$SameManagementContextConfigurationCustomizer> (0x0000000093ae00b8) thrown at [/build/openjdk-
Event: 11,205 Thread 0x00007f5ee401b000 Exception <a 'java/lang/ClassNotFoundException'{0x0000000093aff138}: org/springframework/beans/factory/SmartInitializingSingletonCustomizer> (0x0000000093aff138) thrown at [/build/openjdk-lts-iuKaMP/openjdk-lts-11.0.6+10/src/hotspot/share/classfile/system
Event: 11,206 Thread 0x00007f5ee401b000 Exception <a 'java/lang/ClassNotFoundException'{0x0000000093906660}: java/lang/ObjectCustomizer> (0x0000000093906660) thrown at [/build/openjdk-lts-iuKaMP/openjdk-lts-11.0.6+10/src/hotspot/share/classfile/systemDictionary.cpp, line 231]
Event: 11,206 Thread 0x00007f5ee401b000 Exception <a 'java/lang/ClassNotFoundException'{0x000000009392d1f8}: org/springframework/boot/actuate/autoconfigure/web/server/ManagementContextAutoConfigurationCustomizer> (0x000000009392d1f8) thrown at [/build/openjdk-lts-iuKaMP/openjdk-lts-11.0.6+10/sr
Event: 11,207 Thread 0x00007f5ee401b000 Exception <a 'java/lang/ClassNotFoundException'{0x0000000093935108}: java/lang/ObjectCustomizer> (0x0000000093935108) thrown at [/build/openjdk-lts-iuKaMP/openjdk-lts-11.0.6+10/src/hotspot/share/classfile/systemDictionary.cpp, line 231]
Event: 11,207 Thread 0x00007f5ee401b000 Exception <a 'java/lang/ClassNotFoundException'{0x000000009395a190}: org/springframework/boot/actuate/autoconfigure/web/server/ManagementServerPropertiesCustomizer> (0x000000009395a190) thrown at [/build/openjdk-lts-iuKaMP/openjdk-lts-11.0.6+10/src/hotspo
Event: 11,242 Thread 0x00007f5ee401b000 Exception <a 'java/lang/IncompatibleClassChangeError'{0x0000000093704800}: Found class java.lang.Object, but interface was expected> (0x0000000093704800) thrown at [/build/openjdk-lts-iuKaMP/openjdk-lts-11.0.6+10/src/hotspot/share/interpreter/linkResolver
Event: 11,303 Thread 0x00007f5ee401b000 Exception <a 'java/lang/ClassNotFoundException'{0x0000000093329468}: java/lang/ObjectCustomizer> (0x0000000093329468) thrown at [/build/openjdk-lts-iuKaMP/openjdk-lts-11.0.6+10/src/hotspot/share/classfile/systemDictionary.cpp, line 231]
Event: 11,304 Thread 0x00007f5ee401b000 Exception <a 'java/lang/ClassNotFoundException'{0x0000000093345438}: ca/benfarhat/restapi/service/SalleServiceTestCustomizer> (0x0000000093345438) thrown at [/build/openjdk-lts-iuKaMP/openjdk-lts-11.0.6+10/src/hotspot/share/classfile/systemDictionary.cpp,
Event: 11,315 Thread 0x00007f5ee401b000 Exception <a 'java/lang/NoSuchMethodError'{0x00000000933ee638}: 'java.lang.Object java.lang.invoke.DirectMethodHandle$Holder.invokeSpecial(java.lang.Object, java.lang.Object, java.lang.Object, java.lang.Object, java.lang.Object, int)'> (0x00000000933ee638
Event: 11,316 Thread 0x00007f5ee401b000 Exception <a 'java/lang/NoSuchMethodError'{0x00000000933f1d30}: 'java.lang.Object java.lang.invoke.Invokers$Holder.linkToTargetMethod(java.lang.Object, java.lang.Object, java.lang.Object, int, java.lang.Object)'> (0x00000000933f1d30) thrown at [/build/ope
Event: 11,380 Thread 0x00007f5ee401b000 Exception <a 'java/lang/ClassNotFoundException'{0x00000000928486b8}: java/lang/ClassLoader$ByteBuddyAccessor$MA9osoNM> (0x00000000928486b8) thrown at [/build/openjdk-lts-iuKaMP/openjdk-lts-11.0.6+10/src/hotspot/share/classfile/systemDictionary.cpp, line 2
Event: 11,413 Thread 0x00007f5ee401b000 Exception <a 'java/lang/IncompatibleClassChangeError'{0x0000000092433db0}: Found class java.lang.Object, but interface was expected> (0x0000000092433db0) thrown at [/build/openjdk-lts-iuKaMP/openjdk-lts-11.0.6+10/src/hotspot/share/interpreter/linkResolver
Event: 11,443 Thread 0x00007f5ee401b000 Exception <a 'java/lang/ClassNotFoundException'{0x00000000923ff608}: java/lang/ObjectCustomizer> (0x00000000923ff608) thrown at [/build/openjdk-lts-iuKaMP/openjdk-lts-11.0.6+10/src/hotspot/share/classfile/systemDictionary.cpp, line 231]
Event: 11,444 Thread 0x00007f5ee401b000 Exception <a 'java/lang/ClassNotFoundException'{0x000000009221bde0}: ca/benfarhat/restapi/model/AbstractEntityCustomizer> (0x000000009221bde0) thrown at [/build/openjdk-lts-iuKaMP/openjdk-lts-11.0.6+10/src/hotspot/share/classfile/systemDictionary.cpp, lin
Event: 11,445 Thread 0x00007f5ee401b000 Exception <a 'java/lang/ClassNotFoundException'{0x0000000092236650}: ca/benfarhat/restapi/model/SalleCustomizer> (0x0000000092236650) thrown at [/build/openjdk-lts-iuKaMP/openjdk-lts-11.0.6+10/src/hotspot/share/classfile/systemDictionary.cpp, line 231]
Event: 12,027 Thread 0x00007f5ee401b000 Exception <a 'java/lang/reflect/InvocationTargetException'{0x000000008f969fd0}> (0x000000008f969fd0) thrown at [/build/openjdk-lts-iuKaMP/openjdk-lts-11.0.6+10/src/hotspot/share/runtime/reflection.cpp, line 1247]
Event: 120,724 Thread 0x00007f5ee401b000 Exception <a 'java/lang/reflect/InvocationTargetException'{0x000000008e5274c0}> (0x000000008e5274c0) thrown at [/build/openjdk-lts-iuKaMP/openjdk-lts-11.0.6+10/src/hotspot/share/runtime/reflection.cpp, line 1247]

Events (20 events):
Event: 199,567 Executing VM operation: RedefineClasses done
Event: 199,586 Executing VM operation: ChangeBreakpoints
Event: 199,589 Executing VM operation: ChangeBreakpoints done
Event: 199,605 Executing VM operation: ChangeBreakpoints
Event: 199,608 Executing VM operation: ChangeBreakpoints done
Event: 199,624 Executing VM operation: ChangeBreakpoints
Event: 199,626 Executing VM operation: ChangeBreakpoints done
Event: 199,628 Executing VM operation: GetFrameCount
Event: 199,628 Executing VM operation: GetFrameCount done
Event: 199,628 Executing VM operation: GetStackTrace
Event: 199,628 Executing VM operation: GetStackTrace done
Event: 199,637 Executing VM operation: GetFrameCount
Event: 199,637 Executing VM operation: GetFrameCount done
Event: 199,637 Executing VM operation: GetOwnedMonitorInfo
Event: 199,637 Executing VM operation: GetOwnedMonitorInfo done
Event: 199,637 Executing VM operation: GetCurrentContendedMonitor
Event: 199,637 Executing VM operation: GetCurrentContendedMonitor done
Event: 199,708 Executing VM operation: GetFrameLocation
Event: 199,708 Executing VM operation: GetFrameLocation done
Event: 199,708 Executing VM operation: GetOrSetLocal


Dynamic libraries:
85a00000-95c00000 rw-p 00000000 00:00 0 
95c00000-ffe00000 ---p 00000000 00:00 0 
ffe00000-ffe47000 rw-p 01105000 08:02 35259790                           /usr/lib/jvm/java-11-openjdk-amd64/lib/server/classes.jsa
ffe47000-fff00000 rw-p 00000000 00:00 0 
fff00000-fff6a000 rw-p 0109b000 08:02 35259790                           /usr/lib/jvm/java-11-openjdk-amd64/lib/server/classes.jsa
fff6a000-100000000 rw-p 00000000 00:00 0 
800000000-800002000 rwxp 00001000 08:02 35259790                         /usr/lib/jvm/java-11-openjdk-amd64/lib/server/classes.jsa
800002000-80109a000 rw-p 00003000 08:02 35259790                         /usr/lib/jvm/java-11-openjdk-amd64/lib/server/classes.jsa
840000000-840a20000 rw-p 00000000 00:00 0 
840a20000-880000000 ---p 00000000 00:00 0 
564101522000-564101523000 r-xp 00000000 08:02 34996747                   /usr/lib/jvm/java-11-openjdk-amd64/bin/java
564101723000-564101724000 r--p 00001000 08:02 34996747                   /usr/lib/jvm/java-11-openjdk-amd64/bin/java
564101724000-564101725000 rw-p 00002000 08:02 34996747                   /usr/lib/jvm/java-11-openjdk-amd64/bin/java
56410353d000-56410355e000 rw-p 00000000 00:00 0                          [heap]
7f5e50000000-7f5e50021000 rw-p 00000000 00:00 0 
7f5e50021000-7f5e54000000 ---p 00000000 00:00 0 
7f5e58000000-7f5e58063000 rw-p 00000000 00:00 0 
7f5e58063000-7f5e5c000000 ---p 00000000 00:00 0 
7f5e5c000000-7f5e5c51c000 rw-p 00000000 00:00 0 
7f5e5c51c000-7f5e60000000 ---p 00000000 00:00 0 
7f5e60842000-7f5e60942000 rw-p 00000000 00:00 0 
7f5e60942000-7f5e60a42000 ---p 00000000 00:00 0 
7f5e60a42000-7f5e60c42000 rw-p 00000000 00:00 0 
7f5e60c42000-7f5e60e42000 rw-p 00000000 00:00 0 
7f5e60e42000-7f5e61042000 rw-p 00000000 00:00 0 
7f5e61042000-7f5e61242000 rw-p 00000000 00:00 0 
7f5e61242000-7f5e61442000 rw-p 00000000 00:00 0 
7f5e614e0000-7f5e614e4000 ---p 00000000 00:00 0 
7f5e614e4000-7f5e617d8000 rw-p 00000000 00:00 0 
7f5e617d8000-7f5e617e1000 ---p 00000000 00:00 0 
7f5e617e1000-7f5e619e1000 rw-p 00000000 00:00 0 
7f5e619e1000-7f5e61be1000 rw-p 00000000 00:00 0 
7f5e61be1000-7f5e61de1000 rw-p 00000000 00:00 0 
7f5e61ec7000-7f5e620c7000 rw-p 00000000 00:00 0 
7f5e620c7000-7f5e622c7000 rw-p 00000000 00:00 0 
7f5e622c7000-7f5e624c7000 rw-p 00000000 00:00 0 
7f5e624c7000-7f5e626c7000 rw-p 00000000 00:00 0 
7f5e626c7000-7f5e628c7000 rw-p 00000000 00:00 0 
7f5e62971000-7f5e62b71000 rw-p 00000000 00:00 0 
7f5e62b71000-7f5e62d71000 rw-p 00000000 00:00 0 
7f5e62d71000-7f5e62f57000 rw-p 00000000 00:00 0 
7f5e62f57000-7f5e62f71000 ---p 00000000 00:00 0 
7f5e62f71000-7f5e63171000 rw-p 00000000 00:00 0 
7f5e63171000-7f5e63371000 rw-p 00000000 00:00 0 
7f5e63371000-7f5e63571000 rw-p 00000000 00:00 0 
7f5e63571000-7f5e63575000 ---p 00000000 00:00 0 
7f5e63575000-7f5e63872000 rw-p 00000000 00:00 0 
7f5e63872000-7f5e63877000 r-xp 00000000 08:02 35264231                   /usr/lib/jvm/java-11-openjdk-amd64/lib/libmanagement_ext.so
7f5e63877000-7f5e63a76000 ---p 00005000 08:02 35264231                   /usr/lib/jvm/java-11-openjdk-amd64/lib/libmanagement_ext.so
7f5e63a76000-7f5e63a77000 r--p 00004000 08:02 35264231                   /usr/lib/jvm/java-11-openjdk-amd64/lib/libmanagement_ext.so
7f5e63a77000-7f5e63a78000 rw-p 00005000 08:02 35264231                   /usr/lib/jvm/java-11-openjdk-amd64/lib/libmanagement_ext.so
7f5e63b23000-7f5e63d23000 rw-p 00000000 00:00 0 
7f5e63e00000-7f5e63fec000 rw-p 00000000 00:00 0 
7f5e63fec000-7f5e64000000 ---p 00000000 00:00 0 
7f5e64000000-7f5e64021000 rw-p 00000000 00:00 0 
7f5e64021000-7f5e68000000 ---p 00000000 00:00 0 
7f5e68000000-7f5e6802a000 rw-p 00000000 00:00 0 
7f5e6802a000-7f5e6c000000 ---p 00000000 00:00 0 
7f5e6c000000-7f5e6c021000 rw-p 00000000 00:00 0 
7f5e6c021000-7f5e70000000 ---p 00000000 00:00 0 
7f5e70000000-7f5e70021000 rw-p 00000000 00:00 0 
7f5e70021000-7f5e74000000 ---p 00000000 00:00 0 
7f5e74000000-7f5e74021000 rw-p 00000000 00:00 0 
7f5e74021000-7f5e78000000 ---p 00000000 00:00 0 
7f5e78000000-7f5e78053000 rw-p 00000000 00:00 0 
7f5e78053000-7f5e7c000000 ---p 00000000 00:00 0 
7f5e7c000000-7f5e7e4aa000 rw-p 00000000 00:00 0 
7f5e7e4aa000-7f5e80000000 ---p 00000000 00:00 0 
7f5e80000000-7f5e80021000 rw-p 00000000 00:00 0 
7f5e80021000-7f5e84000000 ---p 00000000 00:00 0 
7f5e84000000-7f5e84021000 rw-p 00000000 00:00 0 
7f5e84021000-7f5e88000000 ---p 00000000 00:00 0 
7f5e88000000-7f5e88021000 rw-p 00000000 00:00 0 
7f5e88021000-7f5e8c000000 ---p 00000000 00:00 0 
7f5e8c000000-7f5e8c021000 rw-p 00000000 00:00 0 
7f5e8c021000-7f5e90000000 ---p 00000000 00:00 0 
7f5e90000000-7f5e90071000 rw-p 00000000 00:00 0 
7f5e90071000-7f5e94000000 ---p 00000000 00:00 0 
7f5e94000000-7f5e950e9000 rw-p 00000000 00:00 0 
7f5e950e9000-7f5e98000000 ---p 00000000 00:00 0 
7f5e98000000-7f5e98021000 rw-p 00000000 00:00 0 
7f5e98021000-7f5e9c000000 ---p 00000000 00:00 0 
7f5e9c000000-7f5e9c021000 rw-p 00000000 00:00 0 
7f5e9c021000-7f5ea0000000 ---p 00000000 00:00 0 
7f5ea0000000-7f5ea4000000 rw-p 00000000 00:00 0 
7f5ea4000000-7f5ea4021000 rw-p 00000000 00:00 0 
7f5ea4021000-7f5ea8000000 ---p 00000000 00:00 0 
7f5ea8000000-7f5ea8021000 rw-p 00000000 00:00 0 
7f5ea8021000-7f5eac000000 ---p 00000000 00:00 0 
7f5eac000000-7f5eac021000 rw-p 00000000 00:00 0 
7f5eac021000-7f5eb0000000 ---p 00000000 00:00 0 
7f5eb0000000-7f5eb040a000 rw-p 00000000 00:00 0 
7f5eb040a000-7f5eb4000000 ---p 00000000 00:00 0 
7f5eb4000000-7f5eb4021000 rw-p 00000000 00:00 0 
7f5eb4021000-7f5eb8000000 ---p 00000000 00:00 0 
7f5eb8000000-7f5eb8021000 rw-p 00000000 00:00 0 
7f5eb8021000-7f5ebc000000 ---p 00000000 00:00 0 
7f5ebc011000-7f5ebc211000 rw-p 00000000 00:00 0 
7f5ebc211000-7f5ebc215000 ---p 00000000 00:00 0 
7f5ebc215000-7f5ebc312000 rw-p 00000000 00:00 0 
7f5ebc312000-7f5ebc316000 ---p 00000000 00:00 0 
7f5ebc316000-7f5ebc613000 rw-p 00000000 00:00 0 
7f5ebc64b000-7f5ebc84b000 rw-p 00000000 00:00 0 
7f5ebc882000-7f5ebc886000 r-xp 00000000 08:02 35264229                   /usr/lib/jvm/java-11-openjdk-amd64/lib/libmanagement.so
7f5ebc886000-7f5ebca85000 ---p 00004000 08:02 35264229                   /usr/lib/jvm/java-11-openjdk-amd64/lib/libmanagement.so
7f5ebca85000-7f5ebca86000 r--p 00003000 08:02 35264229                   /usr/lib/jvm/java-11-openjdk-amd64/lib/libmanagement.so
7f5ebca86000-7f5ebca87000 rw-p 00004000 08:02 35264229                   /usr/lib/jvm/java-11-openjdk-amd64/lib/libmanagement.so
7f5ebca87000-7f5ebca88000 ---p 00000000 00:00 0 
7f5ebca88000-7f5ebcb89000 rw-p 00000000 00:00 0 
7f5ebcb89000-7f5ebcb8b000 r-xp 00000000 08:02 35263130                   /usr/lib/jvm/java-11-openjdk-amd64/lib/libextnet.so
7f5ebcb8b000-7f5ebcd8a000 ---p 00002000 08:02 35263130                   /usr/lib/jvm/java-11-openjdk-amd64/lib/libextnet.so
7f5ebcd8a000-7f5ebcd8b000 r--p 00001000 08:02 35263130                   /usr/lib/jvm/java-11-openjdk-amd64/lib/libextnet.so
7f5ebcd8b000-7f5ebcd8c000 rw-p 00002000 08:02 35263130                   /usr/lib/jvm/java-11-openjdk-amd64/lib/libextnet.so
7f5ebce11000-7f5ebce15000 ---p 00000000 00:00 0 
7f5ebce15000-7f5ebcf12000 rw-p 00000000 00:00 0 
7f5ebcf12000-7f5ebcf13000 ---p 00000000 00:00 0 
7f5ebcf13000-7f5ebd014000 rw-p 00000000 00:00 0 
7f5ebd014000-7f5ebd018000 ---p 00000000 00:00 0 
7f5ebd018000-7f5ebd115000 rw-p 00000000 00:00 0 
7f5ebd115000-7f5ebd116000 ---p 00000000 00:00 0 
7f5ebd116000-7f5ebd217000 rw-p 00000000 00:00 0 
7f5ebd217000-7f5ebd218000 ---p 00000000 00:00 0 
7f5ebd218000-7f5ebd319000 rw-p 00000000 00:00 0 
7f5ebd319000-7f5ebd31d000 ---p 00000000 00:00 0 
7f5ebd31d000-7f5ebd41a000 rw-p 00000000 00:00 0 
7f5ebd41a000-7f5ebd430000 r-xp 00000000 08:02 35264233                   /usr/lib/jvm/java-11-openjdk-amd64/lib/libnet.so
7f5ebd430000-7f5ebd62f000 ---p 00016000 08:02 35264233                   /usr/lib/jvm/java-11-openjdk-amd64/lib/libnet.so
7f5ebd62f000-7f5ebd630000 r--p 00015000 08:02 35264233                   /usr/lib/jvm/java-11-openjdk-amd64/lib/libnet.so
7f5ebd630000-7f5ebd631000 rw-p 00016000 08:02 35264233                   /usr/lib/jvm/java-11-openjdk-amd64/lib/libnet.so
7f5ebd631000-7f5ebe000000 r--p 00000000 08:02 34871892                   /usr/lib/locale/locale-archive
7f5ebe000000-7f5ec0000000 rw-p 00000000 00:00 0 
7f5ec0000000-7f5ec0021000 rw-p 00000000 00:00 0 
7f5ec0021000-7f5ec4000000 ---p 00000000 00:00 0 
7f5ec40bf000-7f5ec40cf000 r-xp 00000000 08:02 35264234                   /usr/lib/jvm/java-11-openjdk-amd64/lib/libnio.so
7f5ec40cf000-7f5ec42ce000 ---p 00010000 08:02 35264234                   /usr/lib/jvm/java-11-openjdk-amd64/lib/libnio.so
7f5ec42ce000-7f5ec42cf000 r--p 0000f000 08:02 35264234                   /usr/lib/jvm/java-11-openjdk-amd64/lib/libnio.so
7f5ec42cf000-7f5ec42d0000 rw-p 00010000 08:02 35264234                   /usr/lib/jvm/java-11-openjdk-amd64/lib/libnio.so
7f5ec42d0000-7f5ec46d8000 rw-p 00000000 00:00 0 
7f5ec46d8000-7f5ec6160000 ---p 00000000 00:00 0 
7f5ec6160000-7f5ec6570000 rw-p 00000000 00:00 0 
7f5ec6570000-7f5ec7ff8000 ---p 00000000 00:00 0 
7f5ec7ff8000-7f5ec8000000 rw-p 00000000 00:00 0 
7f5ec8000000-7f5ec8021000 rw-p 00000000 00:00 0 
7f5ec8021000-7f5ecc000000 ---p 00000000 00:00 0 
7f5ecc003000-7f5ecc007000 ---p 00000000 00:00 0 
7f5ecc007000-7f5ecc104000 rw-p 00000000 00:00 0 
7f5ecc104000-7f5ecc108000 ---p 00000000 00:00 0 
7f5ecc108000-7f5ecc205000 rw-p 00000000 00:00 0 
7f5ecc205000-7f5ecc209000 ---p 00000000 00:00 0 
7f5ecc209000-7f5ecc306000 rw-p 00000000 00:00 0 
7f5ecc306000-7f5ecc30a000 r-xp 00000000 08:02 35263129                   /usr/lib/jvm/java-11-openjdk-amd64/lib/libdt_socket.so
7f5ecc30a000-7f5ecc50a000 ---p 00004000 08:02 35263129                   /usr/lib/jvm/java-11-openjdk-amd64/lib/libdt_socket.so
7f5ecc50a000-7f5ecc50b000 r--p 00004000 08:02 35263129                   /usr/lib/jvm/java-11-openjdk-amd64/lib/libdt_socket.so
7f5ecc50b000-7f5ecc50c000 rw-p 00005000 08:02 35263129                   /usr/lib/jvm/java-11-openjdk-amd64/lib/libdt_socket.so
7f5ecc50c000-7f5ecc510000 ---p 00000000 00:00 0 
7f5ecc510000-7f5ecc60d000 rw-p 00000000 00:00 0 
7f5ecc60d000-7f5ecc611000 ---p 00000000 00:00 0 
7f5ecc611000-7f5ecc70e000 rw-p 00000000 00:00 0 
7f5ecc70e000-7f5ecc712000 ---p 00000000 00:00 0 
7f5ecc712000-7f5ecc80f000 rw-p 00000000 00:00 0 
7f5ecc80f000-7f5ecc813000 ---p 00000000 00:00 0 
7f5ecc813000-7f5ecc910000 rw-p 00000000 00:00 0 
7f5ecc910000-7f5eccb80000 rwxp 00000000 00:00 0 
7f5eccb80000-7f5eccea0000 ---p 00000000 00:00 0 
7f5eccea0000-7f5ecdbc0000 rwxp 00000000 00:00 0 
7f5ecdbc0000-7f5ed43d8000 ---p 00000000 00:00 0 
7f5ed43d8000-7f5ed4868000 rwxp 00000000 00:00 0 
7f5ed4868000-7f5edb910000 ---p 00000000 00:00 0 
7f5edb910000-7f5ee4000000 r--s 00000000 08:02 35264243                   /usr/lib/jvm/java-11-openjdk-amd64/lib/modules
7f5ee4000000-7f5ee6891000 rw-p 00000000 00:00 0 
7f5ee6891000-7f5ee8000000 ---p 00000000 00:00 0 
7f5ee801d000-7f5ee8021000 ---p 00000000 00:00 0 
7f5ee8021000-7f5ee811e000 rw-p 00000000 00:00 0 
7f5ee811e000-7f5ee8122000 ---p 00000000 00:00 0 
7f5ee8122000-7f5ee821f000 rw-p 00000000 00:00 0 
7f5ee821f000-7f5ee8223000 ---p 00000000 00:00 0 
7f5ee8223000-7f5ee8320000 rw-p 00000000 00:00 0 
7f5ee8320000-7f5ee8321000 ---p 00000000 00:00 0 
7f5ee8321000-7f5ee8ca3000 rw-p 00000000 00:00 0 
7f5ee8ca3000-7f5ee8ca4000 ---p 00000000 00:00 0 
7f5ee8ca4000-7f5ee8da5000 rw-p 00000000 00:00 0 
7f5ee8da5000-7f5ee8da6000 ---p 00000000 00:00 0 
7f5ee8da6000-7f5ee92ab000 rw-p 00000000 00:00 0 
7f5ee92ab000-7f5ee92ac000 ---p 00000000 00:00 0 
7f5ee92ac000-7f5ee93ad000 rw-p 00000000 00:00 0 
7f5ee93ad000-7f5ee93ae000 ---p 00000000 00:00 0 
7f5ee93ae000-7f5ee9530000 rw-p 00000000 00:00 0 
7f5ee9530000-7f5ee9881000 ---p 00000000 00:00 0 
7f5ee9881000-7f5ee9903000 rw-p 00000000 00:00 0 
7f5ee9903000-7f5ee9c54000 ---p 00000000 00:00 0 
7f5ee9c54000-7f5ee9cd6000 rw-p 00000000 00:00 0 
7f5ee9cd6000-7f5eea027000 ---p 00000000 00:00 0 
7f5eea027000-7f5eea42c000 rw-p 00000000 00:00 0 
7f5eea42c000-7f5eea42d000 ---p 00000000 00:00 0 
7f5eea42d000-7f5eea538000 rw-p 00000000 00:00 0 
7f5eea538000-7f5eea619000 ---p 00000000 00:00 0 
7f5eea619000-7f5eea634000 rw-p 00000000 00:00 0 
7f5eea634000-7f5eea704000 ---p 00000000 00:00 0 
7f5eea704000-7f5eea709000 r-xp 00000000 08:02 35264225                   /usr/lib/jvm/java-11-openjdk-amd64/lib/libjimage.so
7f5eea709000-7f5eea908000 ---p 00005000 08:02 35264225                   /usr/lib/jvm/java-11-openjdk-amd64/lib/libjimage.so
7f5eea908000-7f5eea909000 r--p 00004000 08:02 35264225                   /usr/lib/jvm/java-11-openjdk-amd64/lib/libjimage.so
7f5eea909000-7f5eea90a000 rw-p 00005000 08:02 35264225                   /usr/lib/jvm/java-11-openjdk-amd64/lib/libjimage.so
7f5eea90a000-7f5eea911000 r-xp 00000000 08:02 35264242                   /usr/lib/jvm/java-11-openjdk-amd64/lib/libzip.so
7f5eea911000-7f5eeab10000 ---p 00007000 08:02 35264242                   /usr/lib/jvm/java-11-openjdk-amd64/lib/libzip.so
7f5eeab10000-7f5eeab11000 r--p 00006000 08:02 35264242                   /usr/lib/jvm/java-11-openjdk-amd64/lib/libzip.so
7f5eeab11000-7f5eeab12000 rw-p 00007000 08:02 35264242                   /usr/lib/jvm/java-11-openjdk-amd64/lib/libzip.so
7f5eeab12000-7f5eeab1d000 r-xp 00000000 08:02 12063713                   /lib/x86_64-linux-gnu/libnss_files-2.27.so
7f5eeab1d000-7f5eead1c000 ---p 0000b000 08:02 12063713                   /lib/x86_64-linux-gnu/libnss_files-2.27.so
7f5eead1c000-7f5eead1d000 r--p 0000a000 08:02 12063713                   /lib/x86_64-linux-gnu/libnss_files-2.27.so
7f5eead1d000-7f5eead1e000 rw-p 0000b000 08:02 12063713                   /lib/x86_64-linux-gnu/libnss_files-2.27.so
7f5eead1e000-7f5eead24000 rw-p 00000000 00:00 0 
7f5eead24000-7f5eead3b000 r-xp 00000000 08:02 12063707                   /lib/x86_64-linux-gnu/libnsl-2.27.so
7f5eead3b000-7f5eeaf3a000 ---p 00017000 08:02 12063707                   /lib/x86_64-linux-gnu/libnsl-2.27.so
7f5eeaf3a000-7f5eeaf3b000 r--p 00016000 08:02 12063707                   /lib/x86_64-linux-gnu/libnsl-2.27.so
7f5eeaf3b000-7f5eeaf3c000 rw-p 00017000 08:02 12063707                   /lib/x86_64-linux-gnu/libnsl-2.27.so
7f5eeaf3c000-7f5eeaf3e000 rw-p 00000000 00:00 0 
7f5eeaf3e000-7f5eeaf49000 r-xp 00000000 08:02 12063724                   /lib/x86_64-linux-gnu/libnss_nis-2.27.so
7f5eeaf49000-7f5eeb148000 ---p 0000b000 08:02 12063724                   /lib/x86_64-linux-gnu/libnss_nis-2.27.so
7f5eeb148000-7f5eeb149000 r--p 0000a000 08:02 12063724                   /lib/x86_64-linux-gnu/libnss_nis-2.27.so
7f5eeb149000-7f5eeb14a000 rw-p 0000b000 08:02 12063724                   /lib/x86_64-linux-gnu/libnss_nis-2.27.so
7f5eeb14a000-7f5eeb152000 r-xp 00000000 08:02 12063709                   /lib/x86_64-linux-gnu/libnss_compat-2.27.so
7f5eeb152000-7f5eeb352000 ---p 00008000 08:02 12063709                   /lib/x86_64-linux-gnu/libnss_compat-2.27.so
7f5eeb352000-7f5eeb353000 r--p 00008000 08:02 12063709                   /lib/x86_64-linux-gnu/libnss_compat-2.27.so
7f5eeb353000-7f5eeb354000 rw-p 00009000 08:02 12063709                   /lib/x86_64-linux-gnu/libnss_compat-2.27.so
7f5eeb354000-7f5eeb35e000 r-xp 00000000 08:02 35263132                   /usr/lib/jvm/java-11-openjdk-amd64/lib/libinstrument.so
7f5eeb35e000-7f5eeb55d000 ---p 0000a000 08:02 35263132                   /usr/lib/jvm/java-11-openjdk-amd64/lib/libinstrument.so
7f5eeb55d000-7f5eeb55e000 r--p 00009000 08:02 35263132                   /usr/lib/jvm/java-11-openjdk-amd64/lib/libinstrument.so
7f5eeb55e000-7f5eeb55f000 rw-p 0000a000 08:02 35263132                   /usr/lib/jvm/java-11-openjdk-amd64/lib/libinstrument.so
7f5eeb55f000-7f5eeb59a000 r-xp 00000000 08:02 35264224                   /usr/lib/jvm/java-11-openjdk-amd64/lib/libjdwp.so
7f5eeb59a000-7f5eeb799000 ---p 0003b000 08:02 35264224                   /usr/lib/jvm/java-11-openjdk-amd64/lib/libjdwp.so
7f5eeb799000-7f5eeb79a000 r--p 0003a000 08:02 35264224                   /usr/lib/jvm/java-11-openjdk-amd64/lib/libjdwp.so
7f5eeb79a000-7f5eeb79b000 rw-p 0003b000 08:02 35264224                   /usr/lib/jvm/java-11-openjdk-amd64/lib/libjdwp.so
7f5eeb79b000-7f5eeb7c4000 r-xp 00000000 08:02 35264221                   /usr/lib/jvm/java-11-openjdk-amd64/lib/libjava.so
7f5eeb7c4000-7f5eeb9c3000 ---p 00029000 08:02 35264221                   /usr/lib/jvm/java-11-openjdk-amd64/lib/libjava.so
7f5eeb9c3000-7f5eeb9c4000 r--p 00028000 08:02 35264221                   /usr/lib/jvm/java-11-openjdk-amd64/lib/libjava.so
7f5eeb9c4000-7f5eeb9c6000 rw-p 00029000 08:02 35264221                   /usr/lib/jvm/java-11-openjdk-amd64/lib/libjava.so
7f5eeb9c6000-7f5eeb9d3000 r-xp 00000000 08:02 35264241                   /usr/lib/jvm/java-11-openjdk-amd64/lib/libverify.so
7f5eeb9d3000-7f5eebbd2000 ---p 0000d000 08:02 35264241                   /usr/lib/jvm/java-11-openjdk-amd64/lib/libverify.so
7f5eebbd2000-7f5eebbd4000 r--p 0000c000 08:02 35264241                   /usr/lib/jvm/java-11-openjdk-amd64/lib/libverify.so
7f5eebbd4000-7f5eebbd5000 rw-p 0000e000 08:02 35264241                   /usr/lib/jvm/java-11-openjdk-amd64/lib/libverify.so
7f5eebbd5000-7f5eebbdc000 r-xp 00000000 08:02 12063764                   /lib/x86_64-linux-gnu/librt-2.27.so
7f5eebbdc000-7f5eebddb000 ---p 00007000 08:02 12063764                   /lib/x86_64-linux-gnu/librt-2.27.so
7f5eebddb000-7f5eebddc000 r--p 00006000 08:02 12063764                   /lib/x86_64-linux-gnu/librt-2.27.so
7f5eebddc000-7f5eebddd000 rw-p 00007000 08:02 12063764                   /lib/x86_64-linux-gnu/librt-2.27.so
7f5eebddd000-7f5eebdf4000 r-xp 00000000 08:02 12063660                   /lib/x86_64-linux-gnu/libgcc_s.so.1
7f5eebdf4000-7f5eebff3000 ---p 00017000 08:02 12063660                   /lib/x86_64-linux-gnu/libgcc_s.so.1
7f5eebff3000-7f5eebff4000 r--p 00016000 08:02 12063660                   /lib/x86_64-linux-gnu/libgcc_s.so.1
7f5eebff4000-7f5eebff5000 rw-p 00017000 08:02 12063660                   /lib/x86_64-linux-gnu/libgcc_s.so.1
7f5eebff5000-7f5eec192000 r-xp 00000000 08:02 12063686                   /lib/x86_64-linux-gnu/libm-2.27.so
7f5eec192000-7f5eec391000 ---p 0019d000 08:02 12063686                   /lib/x86_64-linux-gnu/libm-2.27.so
7f5eec391000-7f5eec392000 r--p 0019c000 08:02 12063686                   /lib/x86_64-linux-gnu/libm-2.27.so
7f5eec392000-7f5eec393000 rw-p 0019d000 08:02 12063686                   /lib/x86_64-linux-gnu/libm-2.27.so
7f5eec393000-7f5eec50c000 r-xp 00000000 08:02 34873971                   /usr/lib/x86_64-linux-gnu/libstdc++.so.6.0.25
7f5eec50c000-7f5eec70c000 ---p 00179000 08:02 34873971                   /usr/lib/x86_64-linux-gnu/libstdc++.so.6.0.25
7f5eec70c000-7f5eec716000 r--p 00179000 08:02 34873971                   /usr/lib/x86_64-linux-gnu/libstdc++.so.6.0.25
7f5eec716000-7f5eec718000 rw-p 00183000 08:02 34873971                   /usr/lib/x86_64-linux-gnu/libstdc++.so.6.0.25
7f5eec718000-7f5eec71c000 rw-p 00000000 00:00 0 
7f5eec71c000-7f5eed7f5000 r-xp 00000000 08:02 35264246                   /usr/lib/jvm/java-11-openjdk-amd64/lib/server/libjvm.so
7f5eed7f5000-7f5eed9f4000 ---p 010d9000 08:02 35264246                   /usr/lib/jvm/java-11-openjdk-amd64/lib/server/libjvm.so
7f5eed9f4000-7f5eedab1000 r--p 010d8000 08:02 35264246                   /usr/lib/jvm/java-11-openjdk-amd64/lib/server/libjvm.so
7f5eedab1000-7f5eedaeb000 rw-p 01195000 08:02 35264246                   /usr/lib/jvm/java-11-openjdk-amd64/lib/server/libjvm.so
7f5eedaeb000-7f5eedb41000 rw-p 00000000 00:00 0 
7f5eedb41000-7f5eedb5b000 r-xp 00000000 08:02 12063756                   /lib/x86_64-linux-gnu/libpthread-2.27.so
7f5eedb5b000-7f5eedd5a000 ---p 0001a000 08:02 12063756                   /lib/x86_64-linux-gnu/libpthread-2.27.so
7f5eedd5a000-7f5eedd5b000 r--p 00019000 08:02 12063756                   /lib/x86_64-linux-gnu/libpthread-2.27.so
7f5eedd5b000-7f5eedd5c000 rw-p 0001a000 08:02 12063756                   /lib/x86_64-linux-gnu/libpthread-2.27.so
7f5eedd5c000-7f5eedd60000 rw-p 00000000 00:00 0 
7f5eedd60000-7f5eedd63000 r-xp 00000000 08:02 12063646                   /lib/x86_64-linux-gnu/libdl-2.27.so
7f5eedd63000-7f5eedf62000 ---p 00003000 08:02 12063646                   /lib/x86_64-linux-gnu/libdl-2.27.so
7f5eedf62000-7f5eedf63000 r--p 00002000 08:02 12063646                   /lib/x86_64-linux-gnu/libdl-2.27.so
7f5eedf63000-7f5eedf64000 rw-p 00003000 08:02 12063646                   /lib/x86_64-linux-gnu/libdl-2.27.so
7f5eedf64000-7f5eedf80000 r-xp 00000000 08:02 12063795                   /lib/x86_64-linux-gnu/libz.so.1.2.11
7f5eedf80000-7f5eee17f000 ---p 0001c000 08:02 12063795                   /lib/x86_64-linux-gnu/libz.so.1.2.11
7f5eee17f000-7f5eee180000 r--p 0001b000 08:02 12063795                   /lib/x86_64-linux-gnu/libz.so.1.2.11
7f5eee180000-7f5eee181000 rw-p 0001c000 08:02 12063795                   /lib/x86_64-linux-gnu/libz.so.1.2.11
7f5eee181000-7f5eee368000 r-xp 00000000 08:02 12063623                   /lib/x86_64-linux-gnu/libc-2.27.so
7f5eee368000-7f5eee568000 ---p 001e7000 08:02 12063623                   /lib/x86_64-linux-gnu/libc-2.27.so
7f5eee568000-7f5eee56c000 r--p 001e7000 08:02 12063623                   /lib/x86_64-linux-gnu/libc-2.27.so
7f5eee56c000-7f5eee56e000 rw-p 001eb000 08:02 12063623                   /lib/x86_64-linux-gnu/libc-2.27.so
7f5eee56e000-7f5eee572000 rw-p 00000000 00:00 0 
7f5eee572000-7f5eee582000 r-xp 00000000 08:02 35261964                   /usr/lib/jvm/java-11-openjdk-amd64/lib/jli/libjli.so
7f5eee582000-7f5eee781000 ---p 00010000 08:02 35261964                   /usr/lib/jvm/java-11-openjdk-amd64/lib/jli/libjli.so
7f5eee781000-7f5eee782000 r--p 0000f000 08:02 35261964                   /usr/lib/jvm/java-11-openjdk-amd64/lib/jli/libjli.so
7f5eee782000-7f5eee783000 rw-p 00010000 08:02 35261964                   /usr/lib/jvm/java-11-openjdk-amd64/lib/jli/libjli.so
7f5eee783000-7f5eee7aa000 r-xp 00000000 08:02 12063595                   /lib/x86_64-linux-gnu/ld-2.27.so
7f5eee7c0000-7f5eee7e6000 r--p 00000000 08:02 36702955                   /usr/share/locale-langpack/fr/LC_MESSAGES/libc.mo
7f5eee7e6000-7f5eee888000 rw-p 00000000 00:00 0 
7f5eee888000-7f5eee88f000 ---p 00000000 00:00 0 
7f5eee88f000-7f5eee893000 ---p 00000000 00:00 0 
7f5eee893000-7f5eee992000 rw-p 00000000 00:00 0 
7f5eee995000-7f5eee99c000 r--s 00000000 08:02 35130712                   /usr/lib/x86_64-linux-gnu/gconv/gconv-modules.cache
7f5eee99c000-7f5eee99e000 r--s 00007000 08:02 35263167                   /usr/share/java/java-atk-wrapper.jar
7f5eee99e000-7f5eee9a6000 rw-s 00000000 08:02 22153486                   /tmp/hsperfdata_root/22292
7f5eee9a6000-7f5eee9a7000 ---p 00000000 00:00 0 
7f5eee9a7000-7f5eee9a8000 r--p 00000000 00:00 0 
7f5eee9a8000-7f5eee9aa000 rw-p 00000000 00:00 0 
7f5eee9aa000-7f5eee9ab000 r--p 00027000 08:02 12063595                   /lib/x86_64-linux-gnu/ld-2.27.so
7f5eee9ab000-7f5eee9ac000 rw-p 00028000 08:02 12063595                   /lib/x86_64-linux-gnu/ld-2.27.so
7f5eee9ac000-7f5eee9ad000 rw-p 00000000 00:00 0 
7ffc4b833000-7ffc4b858000 rw-p 00000000 00:00 0                          [stack]
7ffc4b9a1000-7ffc4b9a4000 r--p 00000000 00:00 0                          [vvar]
7ffc4b9a4000-7ffc4b9a5000 r-xp 00000000 00:00 0                          [vdso]
ffffffffff600000-ffffffffff601000 --xp 00000000 00:00 0                  [vsyscall]


VM Arguments:
jvm_args: -agentlib:jdwp=transport=dt_socket,suspend=y,address=localhost:39413 -ea -javaagent:/home/benfarhat/dev/sts-4.5.0.RELEASE/configuration/org.eclipse.osgi/237/0/.cp/lib/javaagent-shaded.jar -Dfile.encoding=UTF-8 
java_command: org.eclipse.jdt.internal.junit.runner.RemoteTestRunner -version 3 -port 42679 -testLoaderClass org.eclipse.jdt.internal.junit5.runner.JUnit5TestLoader -loaderpluginname org.eclipse.jdt.junit5.runtime -test ca.benfarhat.restapi.service.SalleServiceTest:testEditer -uniqueId [engine:junit-jupiter]/[class:ca.benfarhat.restapi.service.SalleServiceTest]/[method:testEditer()]
java_class_path (initial): /home/benfarhat/Documents/workspace-spring-tool-suite-4-4.5.0.RELEASE/RestAPI/target/test-classes:/home/benfarhat/Documents/workspace-spring-tool-suite-4-4.5.0.RELEASE/RestAPI/target/classes:/home/benfarhat/dev/sts-4.5.0.RELEASE/plugins/org.junit.jupiter.api_5.5.1.v20190826-0900.jar:/home/benfarhat/dev/sts-4.5.0.RELEASE/plugins/org.junit.jupiter.engine_5.5.1.v20190826-0900.jar:/home/benfarhat/dev/sts-4.5.0.RELEASE/plugins/org.junit.jupiter.migrationsupport_5.5.1.v20190826-0900.jar:/home/benfarhat/dev/sts-4.5.0.RELEASE/plugins/org.junit.jupiter.params_5.5.1.v20190826-0900.jar:/home/benfarhat/dev/sts-4.5.0.RELEASE/plugins/org.junit.platform.commons_1.5.1.v20190826-0900.jar:/home/benfarhat/dev/sts-4.5.0.RELEASE/plugins/org.junit.platform.engine_1.5.1.v20190826-0900.jar:/home/benfarhat/dev/sts-4.5.0.RELEASE/plugins/org.junit.platform.launcher_1.5.1.v20190826-0900.jar:/home/benfarhat/dev/sts-4.5.0.RELEASE/plugins/org.junit.platform.runner_1.5.1.v20190826-0900.jar:/home/benfarhat/dev/sts-4.5.0.RELEASE/plugins/org.junit.platform.suite.api_1.5.1.v20190826-0900.jar:/home/benfarhat/dev/sts-4.5.0.RELEASE/plugins/org.junit.vintage.engine_5.5.1.v20190826-0900.jar:/home/benfarhat/dev/sts-4.5.0.RELEASE/plugins/org.opentest4j_1.2.0.v20190826-0900.jar:/home/benfarhat/dev/sts-4.5.0.RELEASE/plugins/org.apiguardian_1.1.0.v20190826-0900.jar:/home/benfarhat/dev/sts-4.5.0.RELEASE/plugins/org.junit_4.12.0.v201504281640/junit.jar:/home/benfarhat/dev/sts-4.5.0.RELEASE/plugins/org.hamcrest.core_1.3.0.v20180420-1519.jar:/root/.m2/repository/org/springframework/boot/spring-boot-starter-actuator/2.2.4.RELEASE/spring-boot-starter-actuator-2.2.4.RELEASE.jar:/root/.m2/repository/org/springframework/boot/spring-boot-starter/2.2.4.RELEASE/spring-boot-starter-2.2.4.RELEASE.jar:/root/.m2/repository/org/springframework/boot/spring-boot-starter-logging/2.2.4.RELEASE/spring-boot-starter-logging-2.2.4.RELEASE.jar:/root/.m2/repository/ch/qos/logback/logback-classic/1.2.3/logback
Launcher Type: SUN_STANDARD

[Global flags]
     intx CICompilerCount                          = 3                                         {product} {ergonomic}
     uint ConcGCThreads                            = 1                                         {product} {ergonomic}
     uint G1ConcRefinementThreads                  = 4                                         {product} {ergonomic}
   size_t G1HeapRegionSize                         = 1048576                                   {product} {ergonomic}
    uintx GCDrainStackTargetSize                   = 64                                        {product} {ergonomic}
   size_t InitialHeapSize                          = 130023424                                 {product} {ergonomic}
   size_t MarkStackSize                            = 4194304                                   {product} {ergonomic}
   size_t MaxHeapSize                              = 2053111808                                {product} {ergonomic}
   size_t MaxNewSize                               = 1231028224                                {product} {ergonomic}
   size_t MinHeapDeltaBytes                        = 1048576                                   {product} {ergonomic}
    uintx NonNMethodCodeHeapSize                   = 5830732                                {pd product} {ergonomic}
    uintx NonProfiledCodeHeapSize                  = 122913754                              {pd product} {ergonomic}
    uintx ProfiledCodeHeapSize                     = 122913754                              {pd product} {ergonomic}
    uintx ReservedCodeCacheSize                    = 251658240                              {pd product} {ergonomic}
     bool SegmentedCodeCache                       = true                                      {product} {ergonomic}
     bool UseCompressedClassPointers               = true                                 {lp64_product} {ergonomic}
     bool UseCompressedOops                        = true                                 {lp64_product} {ergonomic}
     bool UseG1GC                                  = true                                      {product} {ergonomic}

Logging:
Log output configuration:
 #0: stdout all=warning uptime,level,tags
 #1: stderr all=off uptime,level,tags

Environment Variables:
JAVA_HOME=/usr/lib/jvm/default-java
PATH=/usr/local/sbin:/usr/local/bin:/usr/sbin:/usr/bin:/sbin:/bin:/snap/bin
USERNAME=root
SHELL=/bin/bash
DISPLAY=:0

Signal Handlers:
SIGSEGV: [libjvm.so+0xdf1470], sa_mask[0]=11111111011111111101111111111110, sa_flags=SA_RESTART|SA_SIGINFO
SIGBUS: [libjvm.so+0xdf1470], sa_mask[0]=11111111011111111101111111111110, sa_flags=SA_RESTART|SA_SIGINFO
SIGFPE: [libjvm.so+0xdf1470], sa_mask[0]=11111111011111111101111111111110, sa_flags=SA_RESTART|SA_SIGINFO
SIGPIPE: [libjvm.so+0xbc5560], sa_mask[0]=11111111011111111101111111111110, sa_flags=SA_RESTART|SA_SIGINFO
SIGXFSZ: [libjvm.so+0xbc5560], sa_mask[0]=11111111011111111101111111111110, sa_flags=SA_RESTART|SA_SIGINFO
SIGILL: [libjvm.so+0xdf1470], sa_mask[0]=11111111011111111101111111111110, sa_flags=SA_RESTART|SA_SIGINFO
SIGUSR2: [libjvm.so+0xbc5400], sa_mask[0]=00100000000000000000000000000000, sa_flags=SA_RESTART|SA_SIGINFO
SIGHUP: [libjvm.so+0xbc5760], sa_mask[0]=11111111011111111101111111111110, sa_flags=SA_RESTART|SA_SIGINFO
SIGINT: [libjvm.so+0xbc5760], sa_mask[0]=11111111011111111101111111111110, sa_flags=SA_RESTART|SA_SIGINFO
SIGTERM: [libjvm.so+0xbc5760], sa_mask[0]=11111111011111111101111111111110, sa_flags=SA_RESTART|SA_SIGINFO
SIGQUIT: [libjvm.so+0xbc5760], sa_mask[0]=11111111011111111101111111111110, sa_flags=SA_RESTART|SA_SIGINFO


---------------  S Y S T E M  ---------------

OS:DISTRIB_ID=Ubuntu
DISTRIB_RELEASE=18.04
DISTRIB_CODENAME=bionic
DISTRIB_DESCRIPTION="Ubuntu 18.04.3 LTS"
uname:Linux 5.3.0-28-generic #30~18.04.1-Ubuntu SMP Fri Jan 17 06:14:09 UTC 2020 x86_64
libc:glibc 2.27 NPTL 2.27 
rlimit: STACK 8192k, CORE 0k, NPROC 31129, NOFILE 4096, AS infinity, DATA infinity, FSIZE infinity
load average:0,95 0,93 0,68

/proc/meminfo:
MemTotal:        8017796 kB
MemFree:          572972 kB
MemAvailable:    1207472 kB
Buffers:          128076 kB
Cached:           980044 kB
SwapCached:        78968 kB
Active:          5504436 kB
Inactive:        1471268 kB
Active(anon):    5090688 kB
Inactive(anon):  1028268 kB
Active(file):     413748 kB
Inactive(file):   443000 kB
Unevictable:       54844 kB
Mlocked:             128 kB
SwapTotal:       2097148 kB
SwapFree:         921460 kB
Dirty:               136 kB
Writeback:             0 kB
AnonPages:       5903192 kB
Mapped:           457144 kB
Shmem:            251120 kB
KReclaimable:      84932 kB
Slab:             207756 kB
SReclaimable:      84932 kB
SUnreclaim:       122824 kB
KernelStack:       18460 kB
PageTables:        80764 kB
NFS_Unstable:          0 kB
Bounce:                0 kB
WritebackTmp:          0 kB
CommitLimit:     6106044 kB
Committed_AS:   13916820 kB
VmallocTotal:   34359738367 kB
VmallocUsed:       39936 kB
VmallocChunk:          0 kB
Percpu:             3328 kB
HardwareCorrupted:     0 kB
AnonHugePages:         0 kB
ShmemHugePages:        0 kB
ShmemPmdMapped:        0 kB
CmaTotal:              0 kB
CmaFree:               0 kB
HugePages_Total:       0
HugePages_Free:        0
HugePages_Rsvd:        0
HugePages_Surp:        0
Hugepagesize:       2048 kB
Hugetlb:               0 kB
DirectMap4k:      381560 kB
DirectMap2M:     7872512 kB
DirectMap1G:           0 kB


/proc/sys/kernel/threads-max (system-wide limit on the number of threads):
62258


/proc/sys/vm/max_map_count (maximum number of memory map areas a process may have):
65530


/proc/sys/kernel/pid_max (system-wide limit on number of process identifiers):
32768



container (cgroup) information:
container_type: cgroupv1
cpu_cpuset_cpus: 0-3
cpu_memory_nodes: 0
active_processor_count: 4
cpu_quota: -1
cpu_period: 100000
cpu_shares: -1
memory_limit_in_bytes: -1
memory_and_swap_limit_in_bytes: -2
memory_soft_limit_in_bytes: -1
memory_usage_in_bytes: 6892253184
memory_max_usage_in_bytes: 7783337984

Steal ticks since vm start: 0
Steal ticks percentage since vm start:  0,000

CPU:total 4 (initial active 4) (2 cores per cpu, 2 threads per core) family 6 model 142 stepping 9, cmov, cx8, fxsr, mmx, sse, sse2, sse3, ssse3, sse4.1, sse4.2, popcnt, avx, avx2, aes, clmul, erms, 3dnowpref, lzcnt, ht, tsc, tscinvbit, bmi1, bmi2, adx, fma
CPU Model and flags from /proc/cpuinfo:
model name	: Intel(R) Core(TM) i7-7500U CPU @ 2.70GHz
flags		: fpu vme de pse tsc msr pae mce cx8 apic sep mtrr pge mca cmov pat pse36 clflush dts acpi mmx fxsr sse sse2 ss ht tm pbe syscall nx pdpe1gb rdtscp lm constant_tsc art arch_perfmon pebs bts rep_good nopl xtopology nonstop_tsc cpuid aperfmperf pni pclmulqdq dtes64 monitor ds_cpl vmx est tm2 ssse3 sdbg fma cx16 xtpr pdcm pcid sse4_1 sse4_2 x2apic movbe popcnt tsc_deadline_timer aes xsave avx f16c rdrand lahf_lm abm 3dnowprefetch cpuid_fault epb invpcid_single pti ssbd ibrs ibpb stibp tpr_shadow vnmi flexpriority ept vpid ept_ad fsgsbase tsc_adjust bmi1 avx2 smep bmi2 erms invpcid mpx rdseed adx smap clflushopt intel_pt xsaveopt xsavec xgetbv1 xsaves dtherm ida arat pln pts hwp hwp_notify hwp_act_window hwp_epp md_clear flush_l1d

Memory: 4k page, physical 8017796k(572972k free), swap 2097148k(921460k free)

vm_info: OpenJDK 64-Bit Server VM (11.0.6+10-post-Ubuntu-1ubuntu118.04.1) for linux-amd64 JRE (11.0.6+10-post-Ubuntu-1ubuntu118.04.1), built on Jan 15 2020 15:14:00 by "unknown" with gcc 7.4.0

END.
